Error: Cannot find module 'express-session'
    at Function.Module._resolveFilename (module.js:339:15)
    at Function.Module._load (module.js:290:25)
    at Function._load (C:\Users\Administrator\AppData\Roaming\npm\node_modules\pm2\node_modules\pmx\lib\transaction.js:62:21)
    at Module.require (module.js:367:17)
    at require (internal/module.js:16:19)
    at Object.<anonymous> (F:\blog2016\app.js:5:15)
    at Module._compile (module.js:413:34)
    at Object.Module._extensions..js (module.js:422:10)
    at Module.load (module.js:357:32)
    at Function.Module._load (module.js:314:12)
Error: Cannot find module 'express-session'
    at Function.Module._resolveFilename (module.js:339:15)
    at Function.Module._load (module.js:290:25)
    at Function._load (C:\Users\Administrator\AppData\Roaming\npm\node_modules\pm2\node_modules\pmx\lib\transaction.js:62:21)
    at Module.require (module.js:367:17)
    at require (internal/module.js:16:19)
    at Object.<anonymous> (F:\blog2016\app.js:5:15)
    at Module._compile (module.js:413:34)
    at Object.Module._extensions..js (module.js:422:10)
    at Module.load (module.js:357:32)
    at Function.Module._load (module.js:314:12)
Error: Cannot find module 'express-session'
    at Function.Module._resolveFilename (module.js:339:15)
    at Function.Module._load (module.js:290:25)
    at Function._load (C:\Users\Administrator\AppData\Roaming\npm\node_modules\pm2\node_modules\pmx\lib\transaction.js:62:21)
    at Module.require (module.js:367:17)
    at require (internal/module.js:16:19)
    at Object.<anonymous> (F:\blog2016\app.js:5:15)
    at Module._compile (module.js:413:34)
    at Object.Module._extensions..js (module.js:422:10)
    at Module.load (module.js:357:32)
    at Function.Module._load (module.js:314:12)
Error: Cannot find module 'express-session'
    at Function.Module._resolveFilename (module.js:339:15)
    at Function.Module._load (module.js:290:25)
    at Function._load (C:\Users\Administrator\AppData\Roaming\npm\node_modules\pm2\node_modules\pmx\lib\transaction.js:62:21)
    at Module.require (module.js:367:17)
    at require (internal/module.js:16:19)
    at Object.<anonymous> (F:\blog2016\app.js:5:15)
    at Module._compile (module.js:413:34)
    at Object.Module._extensions..js (module.js:422:10)
    at Module.load (module.js:357:32)
    at Function.Module._load (module.js:314:12)
Error: Cannot find module 'express-session'
    at Function.Module._resolveFilename (module.js:339:15)
    at Function.Module._load (module.js:290:25)
    at Function._load (C:\Users\Administrator\AppData\Roaming\npm\node_modules\pm2\node_modules\pmx\lib\transaction.js:62:21)
    at Module.require (module.js:367:17)
    at require (internal/module.js:16:19)
    at Object.<anonymous> (F:\blog2016\app.js:5:15)
    at Module._compile (module.js:413:34)
    at Object.Module._extensions..js (module.js:422:10)
    at Module.load (module.js:357:32)
    at Function.Module._load (module.js:314:12)
Error: Cannot find module 'express-session'
    at Function.Module._resolveFilename (module.js:339:15)
    at Function.Module._load (module.js:290:25)
    at Function._load (C:\Users\Administrator\AppData\Roaming\npm\node_modules\pm2\node_modules\pmx\lib\transaction.js:62:21)
    at Module.require (module.js:367:17)
    at require (internal/module.js:16:19)
    at Object.<anonymous> (F:\blog2016\app.js:5:15)
    at Module._compile (module.js:413:34)
    at Object.Module._extensions..js (module.js:422:10)
    at Module.load (module.js:357:32)
    at Function.Module._load (module.js:314:12)
Error: Cannot find module 'express-session'
    at Function.Module._resolveFilename (module.js:339:15)
    at Function.Module._load (module.js:290:25)
    at Function._load (C:\Users\Administrator\AppData\Roaming\npm\node_modules\pm2\node_modules\pmx\lib\transaction.js:62:21)
    at Module.require (module.js:367:17)
    at require (internal/module.js:16:19)
    at Object.<anonymous> (F:\blog2016\app.js:5:15)
    at Module._compile (module.js:413:34)
    at Object.Module._extensions..js (module.js:422:10)
    at Module.load (module.js:357:32)
    at Function.Module._load (module.js:314:12)
Error: Cannot find module 'express-session'
    at Function.Module._resolveFilename (module.js:339:15)
    at Function.Module._load (module.js:290:25)
    at Function._load (C:\Users\Administrator\AppData\Roaming\npm\node_modules\pm2\node_modules\pmx\lib\transaction.js:62:21)
    at Module.require (module.js:367:17)
    at require (internal/module.js:16:19)
    at Object.<anonymous> (F:\blog2016\app.js:5:15)
    at Module._compile (module.js:413:34)
    at Object.Module._extensions..js (module.js:422:10)
    at Module.load (module.js:357:32)
    at Function.Module._load (module.js:314:12)
Error: Cannot find module 'express-session'
    at Function.Module._resolveFilename (module.js:339:15)
    at Function.Module._load (module.js:290:25)
    at Function._load (C:\Users\Administrator\AppData\Roaming\npm\node_modules\pm2\node_modules\pmx\lib\transaction.js:62:21)
    at Module.require (module.js:367:17)
    at require (internal/module.js:16:19)
    at Object.<anonymous> (F:\blog2016\app.js:5:15)
    at Module._compile (module.js:413:34)
    at Object.Module._extensions..js (module.js:422:10)
    at Module.load (module.js:357:32)
    at Function.Module._load (module.js:314:12)
Error: Cannot find module 'express-session'
    at Function.Module._resolveFilename (module.js:339:15)
    at Function.Module._load (module.js:290:25)
    at Function._load (C:\Users\Administrator\AppData\Roaming\npm\node_modules\pm2\node_modules\pmx\lib\transaction.js:62:21)
    at Module.require (module.js:367:17)
    at require (internal/module.js:16:19)
    at Object.<anonymous> (F:\blog2016\app.js:5:15)
    at Module._compile (module.js:413:34)
    at Object.Module._extensions..js (module.js:422:10)
    at Module.load (module.js:357:32)
    at Function.Module._load (module.js:314:12)
Error: Cannot find module 'express-session'
    at Function.Module._resolveFilename (module.js:339:15)
    at Function.Module._load (module.js:290:25)
    at Function._load (C:\Users\Administrator\AppData\Roaming\npm\node_modules\pm2\node_modules\pmx\lib\transaction.js:62:21)
    at Module.require (module.js:367:17)
    at require (internal/module.js:16:19)
    at Object.<anonymous> (F:\blog2016\app.js:5:15)
    at Module._compile (module.js:413:34)
    at Object.Module._extensions..js (module.js:422:10)
    at Module.load (module.js:357:32)
    at Function.Module._load (module.js:314:12)
Error: Cannot find module 'express-session'
    at Function.Module._resolveFilename (module.js:339:15)
    at Function.Module._load (module.js:290:25)
    at Function._load (C:\Users\Administrator\AppData\Roaming\npm\node_modules\pm2\node_modules\pmx\lib\transaction.js:62:21)
    at Module.require (module.js:367:17)
    at require (internal/module.js:16:19)
    at Object.<anonymous> (F:\blog2016\app.js:5:15)
    at Module._compile (module.js:413:34)
    at Object.Module._extensions..js (module.js:422:10)
    at Module.load (module.js:357:32)
    at Function.Module._load (module.js:314:12)
Error: Cannot find module 'express-session'
    at Function.Module._resolveFilename (module.js:339:15)
    at Function.Module._load (module.js:290:25)
    at Function._load (C:\Users\Administrator\AppData\Roaming\npm\node_modules\pm2\node_modules\pmx\lib\transaction.js:62:21)
    at Module.require (module.js:367:17)
    at require (internal/module.js:16:19)
    at Object.<anonymous> (F:\blog2016\app.js:5:15)
    at Module._compile (module.js:413:34)
    at Object.Module._extensions..js (module.js:422:10)
    at Module.load (module.js:357:32)
    at Function.Module._load (module.js:314:12)
Error: Cannot find module 'express-session'
    at Function.Module._resolveFilename (module.js:339:15)
    at Function.Module._load (module.js:290:25)
    at Function._load (C:\Users\Administrator\AppData\Roaming\npm\node_modules\pm2\node_modules\pmx\lib\transaction.js:62:21)
    at Module.require (module.js:367:17)
    at require (internal/module.js:16:19)
    at Object.<anonymous> (F:\blog2016\app.js:5:15)
    at Module._compile (module.js:413:34)
    at Object.Module._extensions..js (module.js:422:10)
    at Module.load (module.js:357:32)
    at Function.Module._load (module.js:314:12)
Error: Cannot find module 'express-session'
    at Function.Module._resolveFilename (module.js:339:15)
    at Function.Module._load (module.js:290:25)
    at Function._load (C:\Users\Administrator\AppData\Roaming\npm\node_modules\pm2\node_modules\pmx\lib\transaction.js:62:21)
    at Module.require (module.js:367:17)
    at require (internal/module.js:16:19)
    at Object.<anonymous> (F:\blog2016\app.js:5:15)
    at Module._compile (module.js:413:34)
    at Object.Module._extensions..js (module.js:422:10)
    at Module.load (module.js:357:32)
    at Function.Module._load (module.js:314:12)
Error: Cannot find module 'express-session'
    at Function.Module._resolveFilename (module.js:339:15)
    at Function.Module._load (module.js:290:25)
    at Function._load (C:\Users\Administrator\AppData\Roaming\npm\node_modules\pm2\node_modules\pmx\lib\transaction.js:62:21)
    at Module.require (module.js:367:17)
    at require (internal/module.js:16:19)
    at Object.<anonymous> (F:\blog2016\app.js:5:15)
    at Module._compile (module.js:413:34)
    at Object.Module._extensions..js (module.js:422:10)
    at Module.load (module.js:357:32)
    at Function.Module._load (module.js:314:12)
Error: Cannot find module 'express-session'
    at Function.Module._resolveFilename (module.js:339:15)
    at Function.Module._load (module.js:290:25)
    at Function._load (C:\Users\Administrator\AppData\Roaming\npm\node_modules\pm2\node_modules\pmx\lib\transaction.js:62:21)
    at Module.require (module.js:367:17)
    at require (internal/module.js:16:19)
    at Object.<anonymous> (F:\blog2016\app.js:5:15)
    at Module._compile (module.js:413:34)
    at Object.Module._extensions..js (module.js:422:10)
    at Module.load (module.js:357:32)
    at Function.Module._load (module.js:314:12)
Error: Cannot find module 'express-session'
    at Function.Module._resolveFilename (module.js:339:15)
    at Function.Module._load (module.js:290:25)
    at Function._load (C:\Users\Administrator\AppData\Roaming\npm\node_modules\pm2\node_modules\pmx\lib\transaction.js:62:21)
    at Module.require (module.js:367:17)
    at require (internal/module.js:16:19)
    at Object.<anonymous> (F:\blog2016\app.js:5:15)
    at Module._compile (module.js:413:34)
    at Object.Module._extensions..js (module.js:422:10)
    at Module.load (module.js:357:32)
    at Function.Module._load (module.js:314:12)
Error: Cannot find module 'express-session'
    at Function.Module._resolveFilename (module.js:339:15)
    at Function.Module._load (module.js:290:25)
    at Function._load (C:\Users\Administrator\AppData\Roaming\npm\node_modules\pm2\node_modules\pmx\lib\transaction.js:62:21)
    at Module.require (module.js:367:17)
    at require (internal/module.js:16:19)
    at Object.<anonymous> (F:\blog2016\app.js:5:15)
    at Module._compile (module.js:413:34)
    at Object.Module._extensions..js (module.js:422:10)
    at Module.load (module.js:357:32)
    at Function.Module._load (module.js:314:12)
Error: Cannot find module 'express-session'
    at Function.Module._resolveFilename (module.js:339:15)
    at Function.Module._load (module.js:290:25)
    at Function._load (C:\Users\Administrator\AppData\Roaming\npm\node_modules\pm2\node_modules\pmx\lib\transaction.js:62:21)
    at Module.require (module.js:367:17)
    at require (internal/module.js:16:19)
    at Object.<anonymous> (F:\blog2016\app.js:5:15)
    at Module._compile (module.js:413:34)
    at Object.Module._extensions..js (module.js:422:10)
    at Module.load (module.js:357:32)
    at Function.Module._load (module.js:314:12)
Error: Cannot find module 'express-session'
    at Function.Module._resolveFilename (module.js:339:15)
    at Function.Module._load (module.js:290:25)
    at Function._load (C:\Users\Administrator\AppData\Roaming\npm\node_modules\pm2\node_modules\pmx\lib\transaction.js:62:21)
    at Module.require (module.js:367:17)
    at require (internal/module.js:16:19)
    at Object.<anonymous> (F:\blog2016\app.js:5:15)
    at Module._compile (module.js:413:34)
    at Object.Module._extensions..js (module.js:422:10)
    at Module.load (module.js:357:32)
    at Function.Module._load (module.js:314:12)
Error: Cannot find module 'express-session'
    at Function.Module._resolveFilename (module.js:339:15)
    at Function.Module._load (module.js:290:25)
    at Function._load (C:\Users\Administrator\AppData\Roaming\npm\node_modules\pm2\node_modules\pmx\lib\transaction.js:62:21)
    at Module.require (module.js:367:17)
    at require (internal/module.js:16:19)
    at Object.<anonymous> (F:\blog2016\app.js:5:15)
    at Module._compile (module.js:413:34)
    at Object.Module._extensions..js (module.js:422:10)
    at Module.load (module.js:357:32)
    at Function.Module._load (module.js:314:12)
Error: Cannot find module 'express-session'
    at Function.Module._resolveFilename (module.js:339:15)
    at Function.Module._load (module.js:290:25)
    at Function._load (C:\Users\Administrator\AppData\Roaming\npm\node_modules\pm2\node_modules\pmx\lib\transaction.js:62:21)
    at Module.require (module.js:367:17)
    at require (internal/module.js:16:19)
    at Object.<anonymous> (F:\blog2016\app.js:5:15)
    at Module._compile (module.js:413:34)
    at Object.Module._extensions..js (module.js:422:10)
    at Module.load (module.js:357:32)
    at Function.Module._load (module.js:314:12)
Error: Cannot find module 'express-session'
    at Function.Module._resolveFilename (module.js:339:15)
    at Function.Module._load (module.js:290:25)
    at Function._load (C:\Users\Administrator\AppData\Roaming\npm\node_modules\pm2\node_modules\pmx\lib\transaction.js:62:21)
    at Module.require (module.js:367:17)
    at require (internal/module.js:16:19)
    at Object.<anonymous> (F:\blog2016\app.js:5:15)
    at Module._compile (module.js:413:34)
    at Object.Module._extensions..js (module.js:422:10)
    at Module.load (module.js:357:32)
    at Function.Module._load (module.js:314:12)
Error: Cannot find module 'express-session'
    at Function.Module._resolveFilename (module.js:339:15)
    at Function.Module._load (module.js:290:25)
    at Function._load (C:\Users\Administrator\AppData\Roaming\npm\node_modules\pm2\node_modules\pmx\lib\transaction.js:62:21)
    at Module.require (module.js:367:17)
    at require (internal/module.js:16:19)
    at Object.<anonymous> (F:\blog2016\app.js:5:15)
    at Module._compile (module.js:413:34)
    at Object.Module._extensions..js (module.js:422:10)
    at Module.load (module.js:357:32)
    at Function.Module._load (module.js:314:12)
Error: Cannot find module 'express-session'
    at Function.Module._resolveFilename (module.js:339:15)
    at Function.Module._load (module.js:290:25)
    at Function._load (C:\Users\Administrator\AppData\Roaming\npm\node_modules\pm2\node_modules\pmx\lib\transaction.js:62:21)
    at Module.require (module.js:367:17)
    at require (internal/module.js:16:19)
    at Object.<anonymous> (F:\blog2016\app.js:5:15)
    at Module._compile (module.js:413:34)
    at Object.Module._extensions..js (module.js:422:10)
    at Module.load (module.js:357:32)
    at Function.Module._load (module.js:314:12)
Error: Cannot find module 'express-session'
    at Function.Module._resolveFilename (module.js:339:15)
    at Function.Module._load (module.js:290:25)
    at Function._load (C:\Users\Administrator\AppData\Roaming\npm\node_modules\pm2\node_modules\pmx\lib\transaction.js:62:21)
    at Module.require (module.js:367:17)
    at require (internal/module.js:16:19)
    at Object.<anonymous> (F:\blog2016\app.js:5:15)
    at Module._compile (module.js:413:34)
    at Object.Module._extensions..js (module.js:422:10)
    at Module.load (module.js:357:32)
    at Function.Module._load (module.js:314:12)
Error: Cannot find module 'express-session'
    at Function.Module._resolveFilename (module.js:339:15)
    at Function.Module._load (module.js:290:25)
    at Function._load (C:\Users\Administrator\AppData\Roaming\npm\node_modules\pm2\node_modules\pmx\lib\transaction.js:62:21)
    at Module.require (module.js:367:17)
    at require (internal/module.js:16:19)
    at Object.<anonymous> (F:\blog2016\app.js:5:15)
    at Module._compile (module.js:413:34)
    at Object.Module._extensions..js (module.js:422:10)
    at Module.load (module.js:357:32)
    at Function.Module._load (module.js:314:12)
Error: Cannot find module 'express-session'
    at Function.Module._resolveFilename (module.js:339:15)
    at Function.Module._load (module.js:290:25)
    at Function._load (C:\Users\Administrator\AppData\Roaming\npm\node_modules\pm2\node_modules\pmx\lib\transaction.js:62:21)
    at Module.require (module.js:367:17)
    at require (internal/module.js:16:19)
    at Object.<anonymous> (F:\blog2016\app.js:5:15)
    at Module._compile (module.js:413:34)
    at Object.Module._extensions..js (module.js:422:10)
    at Module.load (module.js:357:32)
    at Function.Module._load (module.js:314:12)
Error: Cannot find module 'express-session'
    at Function.Module._resolveFilename (module.js:339:15)
    at Function.Module._load (module.js:290:25)
    at Function._load (C:\Users\Administrator\AppData\Roaming\npm\node_modules\pm2\node_modules\pmx\lib\transaction.js:62:21)
    at Module.require (module.js:367:17)
    at require (internal/module.js:16:19)
    at Object.<anonymous> (F:\blog2016\app.js:5:15)
    at Module._compile (module.js:413:34)
    at Object.Module._extensions..js (module.js:422:10)
    at Module.load (module.js:357:32)
    at Function.Module._load (module.js:314:12)
Error: Cannot find module 'express-session'
    at Function.Module._resolveFilename (module.js:339:15)
    at Function.Module._load (module.js:290:25)
    at Function._load (C:\Users\Administrator\AppData\Roaming\npm\node_modules\pm2\node_modules\pmx\lib\transaction.js:62:21)
    at Module.require (module.js:367:17)
    at require (internal/module.js:16:19)
    at Object.<anonymous> (F:\blog2016\app.js:5:15)
    at Module._compile (module.js:413:34)
    at Object.Module._extensions..js (module.js:422:10)
    at Module.load (module.js:357:32)
    at Function.Module._load (module.js:314:12)
Error: Cannot find module 'express-session'
    at Function.Module._resolveFilename (module.js:339:15)
    at Function.Module._load (module.js:290:25)
    at Function._load (C:\Users\Administrator\AppData\Roaming\npm\node_modules\pm2\node_modules\pmx\lib\transaction.js:62:21)
    at Module.require (module.js:367:17)
    at require (internal/module.js:16:19)
    at Object.<anonymous> (F:\blog2016\app.js:5:15)
    at Module._compile (module.js:413:34)
    at Object.Module._extensions..js (module.js:422:10)
    at Module.load (module.js:357:32)
    at Function.Module._load (module.js:314:12)
Error: Cannot find module 'express-session'
    at Function.Module._resolveFilename (module.js:339:15)
    at Function.Module._load (module.js:290:25)
    at Function._load (C:\Users\Administrator\AppData\Roaming\npm\node_modules\pm2\node_modules\pmx\lib\transaction.js:62:21)
    at Module.require (module.js:367:17)
    at require (internal/module.js:16:19)
    at Object.<anonymous> (F:\blog2016\app.js:5:15)
    at Module._compile (module.js:413:34)
    at Object.Module._extensions..js (module.js:422:10)
    at Module.load (module.js:357:32)
    at Function.Module._load (module.js:314:12)
Error: Cannot find module 'express-session'
    at Function.Module._resolveFilename (module.js:339:15)
    at Function.Module._load (module.js:290:25)
    at Function._load (C:\Users\Administrator\AppData\Roaming\npm\node_modules\pm2\node_modules\pmx\lib\transaction.js:62:21)
    at Module.require (module.js:367:17)
    at require (internal/module.js:16:19)
    at Object.<anonymous> (F:\blog2016\app.js:5:15)
    at Module._compile (module.js:413:34)
    at Object.Module._extensions..js (module.js:422:10)
    at Module.load (module.js:357:32)
    at Function.Module._load (module.js:314:12)
Error: Cannot find module 'express-session'
    at Function.Module._resolveFilename (module.js:339:15)
    at Function.Module._load (module.js:290:25)
    at Function._load (C:\Users\Administrator\AppData\Roaming\npm\node_modules\pm2\node_modules\pmx\lib\transaction.js:62:21)
    at Module.require (module.js:367:17)
    at require (internal/module.js:16:19)
    at Object.<anonymous> (F:\blog2016\app.js:5:15)
    at Module._compile (module.js:413:34)
    at Object.Module._extensions..js (module.js:422:10)
    at Module.load (module.js:357:32)
    at Function.Module._load (module.js:314:12)
Error: Cannot find module 'express-session'
    at Function.Module._resolveFilename (module.js:339:15)
    at Function.Module._load (module.js:290:25)
    at Function._load (C:\Users\Administrator\AppData\Roaming\npm\node_modules\pm2\node_modules\pmx\lib\transaction.js:62:21)
    at Module.require (module.js:367:17)
    at require (internal/module.js:16:19)
    at Object.<anonymous> (F:\blog2016\app.js:5:15)
    at Module._compile (module.js:413:34)
    at Object.Module._extensions..js (module.js:422:10)
    at Module.load (module.js:357:32)
    at Function.Module._load (module.js:314:12)
Error: Cannot find module 'express-session'
    at Function.Module._resolveFilename (module.js:339:15)
    at Function.Module._load (module.js:290:25)
    at Function._load (C:\Users\Administrator\AppData\Roaming\npm\node_modules\pm2\node_modules\pmx\lib\transaction.js:62:21)
    at Module.require (module.js:367:17)
    at require (internal/module.js:16:19)
    at Object.<anonymous> (F:\blog2016\app.js:5:15)
    at Module._compile (module.js:413:34)
    at Object.Module._extensions..js (module.js:422:10)
    at Module.load (module.js:357:32)
    at Function.Module._load (module.js:314:12)
Error: Cannot find module 'express-session'
    at Function.Module._resolveFilename (module.js:339:15)
    at Function.Module._load (module.js:290:25)
    at Function._load (C:\Users\Administrator\AppData\Roaming\npm\node_modules\pm2\node_modules\pmx\lib\transaction.js:62:21)
    at Module.require (module.js:367:17)
    at require (internal/module.js:16:19)
    at Object.<anonymous> (F:\blog2016\app.js:5:15)
    at Module._compile (module.js:413:34)
    at Object.Module._extensions..js (module.js:422:10)
    at Module.load (module.js:357:32)
    at Function.Module._load (module.js:314:12)
Error: Cannot find module 'express-session'
    at Function.Module._resolveFilename (module.js:339:15)
    at Function.Module._load (module.js:290:25)
    at Function._load (C:\Users\Administrator\AppData\Roaming\npm\node_modules\pm2\node_modules\pmx\lib\transaction.js:62:21)
    at Module.require (module.js:367:17)
    at require (internal/module.js:16:19)
    at Object.<anonymous> (F:\blog2016\app.js:5:15)
    at Module._compile (module.js:413:34)
    at Object.Module._extensions..js (module.js:422:10)
    at Module.load (module.js:357:32)
    at Function.Module._load (module.js:314:12)
Error: Cannot find module 'express-session'
    at Function.Module._resolveFilename (module.js:339:15)
    at Function.Module._load (module.js:290:25)
    at Function._load (C:\Users\Administrator\AppData\Roaming\npm\node_modules\pm2\node_modules\pmx\lib\transaction.js:62:21)
    at Module.require (module.js:367:17)
    at require (internal/module.js:16:19)
    at Object.<anonymous> (F:\blog2016\app.js:5:15)
    at Module._compile (module.js:413:34)
    at Object.Module._extensions..js (module.js:422:10)
    at Module.load (module.js:357:32)
    at Function.Module._load (module.js:314:12)
Error: Cannot find module 'express-session'
    at Function.Module._resolveFilename (module.js:339:15)
    at Function.Module._load (module.js:290:25)
    at Function._load (C:\Users\Administrator\AppData\Roaming\npm\node_modules\pm2\node_modules\pmx\lib\transaction.js:62:21)
    at Module.require (module.js:367:17)
    at require (internal/module.js:16:19)
    at Object.<anonymous> (F:\blog2016\app.js:5:15)
    at Module._compile (module.js:413:34)
    at Object.Module._extensions..js (module.js:422:10)
    at Module.load (module.js:357:32)
    at Function.Module._load (module.js:314:12)
Error: Cannot find module 'express-session'
    at Function.Module._resolveFilename (module.js:339:15)
    at Function.Module._load (module.js:290:25)
    at Function._load (C:\Users\Administrator\AppData\Roaming\npm\node_modules\pm2\node_modules\pmx\lib\transaction.js:62:21)
    at Module.require (module.js:367:17)
    at require (internal/module.js:16:19)
    at Object.<anonymous> (F:\blog2016\app.js:5:15)
    at Module._compile (module.js:413:34)
    at Object.Module._extensions..js (module.js:422:10)
    at Module.load (module.js:357:32)
    at Function.Module._load (module.js:314:12)
Error: Cannot find module 'express-session'
    at Function.Module._resolveFilename (module.js:339:15)
    at Function.Module._load (module.js:290:25)
    at Function._load (C:\Users\Administrator\AppData\Roaming\npm\node_modules\pm2\node_modules\pmx\lib\transaction.js:62:21)
    at Module.require (module.js:367:17)
    at require (internal/module.js:16:19)
    at Object.<anonymous> (F:\blog2016\app.js:5:15)
    at Module._compile (module.js:413:34)
    at Object.Module._extensions..js (module.js:422:10)
    at Module.load (module.js:357:32)
    at Function.Module._load (module.js:314:12)
Error: Cannot find module 'express-session'
    at Function.Module._resolveFilename (module.js:339:15)
    at Function.Module._load (module.js:290:25)
    at Function._load (C:\Users\Administrator\AppData\Roaming\npm\node_modules\pm2\node_modules\pmx\lib\transaction.js:62:21)
    at Module.require (module.js:367:17)
    at require (internal/module.js:16:19)
    at Object.<anonymous> (F:\blog2016\app.js:5:15)
    at Module._compile (module.js:413:34)
    at Object.Module._extensions..js (module.js:422:10)
    at Module.load (module.js:357:32)
    at Function.Module._load (module.js:314:12)
Error: Cannot find module 'express-session'
    at Function.Module._resolveFilename (module.js:339:15)
    at Function.Module._load (module.js:290:25)
    at Function._load (C:\Users\Administrator\AppData\Roaming\npm\node_modules\pm2\node_modules\pmx\lib\transaction.js:62:21)
    at Module.require (module.js:367:17)
    at require (internal/module.js:16:19)
    at Object.<anonymous> (F:\blog2016\app.js:5:15)
    at Module._compile (module.js:413:34)
    at Object.Module._extensions..js (module.js:422:10)
    at Module.load (module.js:357:32)
    at Function.Module._load (module.js:314:12)
Error: Cannot find module 'express-session'
    at Function.Module._resolveFilename (module.js:339:15)
    at Function.Module._load (module.js:290:25)
    at Function._load (C:\Users\Administrator\AppData\Roaming\npm\node_modules\pm2\node_modules\pmx\lib\transaction.js:62:21)
    at Module.require (module.js:367:17)
    at require (internal/module.js:16:19)
    at Object.<anonymous> (F:\blog2016\app.js:5:15)
    at Module._compile (module.js:413:34)
    at Object.Module._extensions..js (module.js:422:10)
    at Module.load (module.js:357:32)
    at Function.Module._load (module.js:314:12)
Error: Cannot find module 'express-session'
    at Function.Module._resolveFilename (module.js:339:15)
    at Function.Module._load (module.js:290:25)
    at Function._load (C:\Users\Administrator\AppData\Roaming\npm\node_modules\pm2\node_modules\pmx\lib\transaction.js:62:21)
    at Module.require (module.js:367:17)
    at require (internal/module.js:16:19)
    at Object.<anonymous> (F:\blog2016\app.js:5:15)
    at Module._compile (module.js:413:34)
    at Object.Module._extensions..js (module.js:422:10)
    at Module.load (module.js:357:32)
    at Function.Module._load (module.js:314:12)
Error: Cannot find module 'express-session'
    at Function.Module._resolveFilename (module.js:339:15)
    at Function.Module._load (module.js:290:25)
    at Function._load (C:\Users\Administrator\AppData\Roaming\npm\node_modules\pm2\node_modules\pmx\lib\transaction.js:62:21)
    at Module.require (module.js:367:17)
    at require (internal/module.js:16:19)
    at Object.<anonymous> (F:\blog2016\app.js:5:15)
    at Module._compile (module.js:413:34)
    at Object.Module._extensions..js (module.js:422:10)
    at Module.load (module.js:357:32)
    at Function.Module._load (module.js:314:12)
