0 info it worked if it ends with ok
1 verbose cli [ 'C:\\Program Files\\nodejs\\node.exe',
1 verbose cli   'C:\\Users\\zhangyuming\\AppData\\Roaming\\npm\\node_modules\\npm\\bin\\npm-cli.js',
1 verbose cli   'run',
1 verbose cli   'debug' ]
2 info using npm@3.10.8
3 info using node@v6.3.1
4 verbose run-script [ 'predebug', 'debug', 'postdebug' ]
5 info lifecycle blog2016@0.0.0~predebug: blog2016@0.0.0
6 silly lifecycle blog2016@0.0.0~predebug: no script for predebug, continuing
7 info lifecycle blog2016@0.0.0~debug: blog2016@0.0.0
8 verbose lifecycle blog2016@0.0.0~debug: unsafe-perm in lifecycle true
9 verbose lifecycle blog2016@0.0.0~debug: PATH: C:\Users\zhangyuming\AppData\Roaming\npm\node_modules\npm\bin\node-gyp-bin;E:\blog2016\node_modules\.bin;C:\Program Files (x86)\NVIDIA Corporation\PhysX\Common;C:\Program Files (x86)\Intel\iCLS Client\;C:\Program Files\Intel\iCLS Client\;C:\Windows\system32;C:\Windows;C:\Windows\System32\Wbem;C:\Windows\System32\WindowsPowerShell\v1.0\;C:\Program Files\Intel\Intel(R) Management Engine Components\DAL;C:\Program Files (x86)\Intel\Intel(R) Management Engine Components\DAL;C:\Program Files\Intel\Intel(R) Management Engine Components\IPT;C:\Program Files (x86)\Intel\Intel(R) Management Engine Components\IPT;C:\Program Files\Intel\WiFi\bin\;C:\Program Files\Common Files\Intel\WirelessCommon\;;C:\Program Files (x86)\Common Files\Lenovo;C:\SWTOOLS\ReadyApps;C:\Program Files\TortoiseSVN\bin;C:\Program Files\TortoiseGit\bin;C:\Program Files\Java\jdk1.7.0_79\bin;C:\Program Files\nodejs\bin;E:\adt-bundle-windows-x86-20130917\sdk\tools;E:\adt-bundle-windows-x86-20130917\sdk\platform-tools;C:\Users\zhangyuming\AppData\Roaming\npm\node_modules\react-native-cli\bin;C:\Program Files\nodejs\;C:\Users\zhangyuming\AppData\Roaming\npm
10 verbose lifecycle blog2016@0.0.0~debug: CWD: E:\blog2016
11 silly lifecycle blog2016@0.0.0~debug: Args: [ '/d /s /c', 'forever -o out.log --color -w ./bin/www' ]
12 verbose stack Error: kill ENOSYS
12 verbose stack     at exports._errnoException (util.js:1012:11)
12 verbose stack     at process.kill (internal/process.js:172:13)
12 verbose stack     at process.listener (C:\Users\zhangyuming\AppData\Roaming\npm\node_modules\npm\node_modules\npmlog\node_modules\gauge\node_modules\signal-exit\index.js:86:15)
12 verbose stack     at emitNone (events.js:91:20)
12 verbose stack     at process.emit (events.js:185:7)
12 verbose stack     at processEmit (C:\Users\zhangyuming\AppData\Roaming\npm\node_modules\npm\node_modules\npmlog\node_modules\gauge\node_modules\signal-exit\index.js:146:32)
12 verbose stack     at processEmit (C:\Users\zhangyuming\AppData\Roaming\npm\node_modules\npm\node_modules\npm-registry-client\node_modules\npmlog\node_modules\gauge\node_modules\signal-exit\index.js:146:32)
12 verbose stack     at Signal.wrap.onsignal (internal/process.js:199:44)
13 verbose cwd E:\blog2016
14 error Windows_NT 6.1.7601
15 error argv "C:\\Program Files\\nodejs\\node.exe" "C:\\Users\\zhangyuming\\AppData\\Roaming\\npm\\node_modules\\npm\\bin\\npm-cli.js" "run" "debug"
16 error node v6.3.1
17 error npm  v3.10.8
18 error code ENOSYS
19 error errno ENOSYS
20 error syscall kill
21 error kill ENOSYS
22 error If you need help, you may report this error at:
22 error     <https://github.com/npm/npm/issues>
23 verbose exit [ 1, true ]
