----- [ { _id: 5811de4c5f568909c0bd0645,
    title: '全国大部气温将创新低 重庆湖北有暴雨',
    content: '中国天气网讯 昨天（26日）开始，一股较强冷空气从新疆启程，预计受其影响，27-28日，我国大部地区将自西向东经历大风降温天气过程，并可能迎来今年下半年的气温新低，西北、华北北部、东北不少地方最低气温将跌入冰点；另外，今明天，河南、江苏、安徽及重庆、湖北等地雨势较强，重庆、湖北交界一带有暴雨，需加强防范。北方迎大风降温和雨雪 西北华北等最低温将跌破冰点\r\n进入霜降节气以来，冷空气逐渐趋于活跃。昨天，一股较强冷空气已经率先影响新疆等地，给这里带来风雪降温天气。监测显示，昨8时至今6时，新疆北部、青海东南部局地出现1～4毫米降雪或雨夹雪，新疆拜城降水量达12.2毫米。',
    author: '方中信',
    source: '中国青年报',
    timestamp: 1477565934905,
    s_img: '',
    b_img: '' },
  { _id: 5811df135f56893224569337,
    title: '全国大部气温将创新低 重庆湖北有暴雨',
    content: '中国天气网讯 昨天（26日）开始，一股较强冷空气从新疆启程，预计受其影响，27-28日，我国大部地区将自西向东经历大风降温天气过程，并可能迎来今年下半年的气温新低，西北、华北北部、东北不少地方最低气温将跌入冰点；另外，今明天，河南、江苏、安徽及重庆、湖北等地雨势较强，重庆、湖北交界一带有暴雨，需加强防范。北方迎大风降温和雨雪 西北华北等最低温将跌破冰点\r\n进入霜降节气以来，冷空气逐渐趋于活跃。昨天，一股较强冷空气已经率先影响新疆等地，给这里带来风雪降温天气。监测显示，昨8时至今6时，新疆北部、青海东南部局地出现1～4毫米降雪或雨夹雪，新疆拜城降水量达12.2毫米。',
    author: '方中信',
    source: '中国青年报',
    timestamp: 1477565934905,
    s_img: '',
    b_img: '' },
  { _id: 5811df2c5f56893224569338,
    title: '全国大部气温将创新低 重庆湖北有暴雨',
    content: '中国天气网讯 昨天（26日）开始，一股较强冷空气从新疆启程，预计受其影响，27-28日，我国大部地区将自西向东经历大风降温天气过程，并可能迎来今年下半年的气温新低，西北、华北北部、东北不少地方最低气温将跌入冰点；另外，今明天，河南、江苏、安徽及重庆、湖北等地雨势较强，重庆、湖北交界一带有暴雨，需加强防范。北方迎大风降温和雨雪 西北华北等最低温将跌破冰点\r\n进入霜降节气以来，冷空气逐渐趋于活跃。昨天，一股较强冷空气已经率先影响新疆等地，给这里带来风雪降温天气。监测显示，昨8时至今6时，新疆北部、青海东南部局地出现1～4毫米降雪或雨夹雪，新疆拜城降水量达12.2毫米。',
    author: '方中信',
    source: '中国青年报',
    timestamp: 1477565934905,
    s_img: '',
    b_img: '' },
  { _id: 5811df355f56893224569339,
    title: '全国大部气温将创新低 重庆湖北有暴雨',
    content: '中国天气网讯 昨天（26日）开始，一股较强冷空气从新疆启程，预计受其影响，27-28日，我国大部地区将自西向东经历大风降温天气过程，并可能迎来今年下半年的气温新低，西北、华北北部、东北不少地方最低气温将跌入冰点；另外，今明天，河南、江苏、安徽及重庆、湖北等地雨势较强，重庆、湖北交界一带有暴雨，需加强防范。北方迎大风降温和雨雪 西北华北等最低温将跌破冰点\r\n进入霜降节气以来，冷空气逐渐趋于活跃。昨天，一股较强冷空气已经率先影响新疆等地，给这里带来风雪降温天气。监测显示，昨8时至今6时，新疆北部、青海东南部局地出现1～4毫米降雪或雨夹雪，新疆拜城降水量达12.2毫米。',
    author: '方中信',
    source: '中国青年报',
    timestamp: 1477565934905,
    s_img: '',
    b_img: '' } ]
[0mGET / [32m200 [0m6386.891 ms - 1297[0m
[0mGET /assets/css/myapp.css [32m200 [0m9.477 ms - 33[0m
[0mGET /assets/css/bootstrap.css [32m200 [0m33.310 ms - 127352[0m
[0mGET /assets/js/bootstrap.js [32m200 [0m34.455 ms - 61923[0m
[0mGET /assets/js/jquery.js [32m200 [0m28.377 ms - 92629[0m
----- [ { _id: 5811de4c5f568909c0bd0645,
    title: '全国大部气温将创新低 重庆湖北有暴雨',
    content: '中国天气网讯 昨天（26日）开始，一股较强冷空气从新疆启程，预计受其影响，27-28日，我国大部地区将自西向东经历大风降温天气过程，并可能迎来今年下半年的气温新低，西北、华北北部、东北不少地方最低气温将跌入冰点；另外，今明天，河南、江苏、安徽及重庆、湖北等地雨势较强，重庆、湖北交界一带有暴雨，需加强防范。北方迎大风降温和雨雪 西北华北等最低温将跌破冰点\r\n进入霜降节气以来，冷空气逐渐趋于活跃。昨天，一股较强冷空气已经率先影响新疆等地，给这里带来风雪降温天气。监测显示，昨8时至今6时，新疆北部、青海东南部局地出现1～4毫米降雪或雨夹雪，新疆拜城降水量达12.2毫米。',
    author: '方中信',
    source: '中国青年报',
    timestamp: 1477565934905,
    s_img: '',
    b_img: '' },
  { _id: 5811df135f56893224569337,
    title: '全国大部气温将创新低 重庆湖北有暴雨',
    content: '中国天气网讯 昨天（26日）开始，一股较强冷空气从新疆启程，预计受其影响，27-28日，我国大部地区将自西向东经历大风降温天气过程，并可能迎来今年下半年的气温新低，西北、华北北部、东北不少地方最低气温将跌入冰点；另外，今明天，河南、江苏、安徽及重庆、湖北等地雨势较强，重庆、湖北交界一带有暴雨，需加强防范。北方迎大风降温和雨雪 西北华北等最低温将跌破冰点\r\n进入霜降节气以来，冷空气逐渐趋于活跃。昨天，一股较强冷空气已经率先影响新疆等地，给这里带来风雪降温天气。监测显示，昨8时至今6时，新疆北部、青海东南部局地出现1～4毫米降雪或雨夹雪，新疆拜城降水量达12.2毫米。',
    author: '方中信',
    source: '中国青年报',
    timestamp: 1477565934905,
    s_img: '',
    b_img: '' },
  { _id: 5811df2c5f56893224569338,
    title: '全国大部气温将创新低 重庆湖北有暴雨',
    content: '中国天气网讯 昨天（26日）开始，一股较强冷空气从新疆启程，预计受其影响，27-28日，我国大部地区将自西向东经历大风降温天气过程，并可能迎来今年下半年的气温新低，西北、华北北部、东北不少地方最低气温将跌入冰点；另外，今明天，河南、江苏、安徽及重庆、湖北等地雨势较强，重庆、湖北交界一带有暴雨，需加强防范。北方迎大风降温和雨雪 西北华北等最低温将跌破冰点\r\n进入霜降节气以来，冷空气逐渐趋于活跃。昨天，一股较强冷空气已经率先影响新疆等地，给这里带来风雪降温天气。监测显示，昨8时至今6时，新疆北部、青海东南部局地出现1～4毫米降雪或雨夹雪，新疆拜城降水量达12.2毫米。',
    author: '方中信',
    source: '中国青年报',
    timestamp: 1477565934905,
    s_img: '',
    b_img: '' },
  { _id: 5811df355f56893224569339,
    title: '全国大部气温将创新低 重庆湖北有暴雨',
    content: '中国天气网讯 昨天（26日）开始，一股较强冷空气从新疆启程，预计受其影响，27-28日，我国大部地区将自西向东经历大风降温天气过程，并可能迎来今年下半年的气温新低，西北、华北北部、东北不少地方最低气温将跌入冰点；另外，今明天，河南、江苏、安徽及重庆、湖北等地雨势较强，重庆、湖北交界一带有暴雨，需加强防范。北方迎大风降温和雨雪 西北华北等最低温将跌破冰点\r\n进入霜降节气以来，冷空气逐渐趋于活跃。昨天，一股较强冷空气已经率先影响新疆等地，给这里带来风雪降温天气。监测显示，昨8时至今6时，新疆北部、青海东南部局地出现1～4毫米降雪或雨夹雪，新疆拜城降水量达12.2毫米。',
    author: '方中信',
    source: '中国青年报',
    timestamp: 1477565934905,
    s_img: '',
    b_img: '' } ]
[0mGET /favicon.ico [32m200 [0m1513.868 ms - 1297[0m
----- [ { _id: 5811de4c5f568909c0bd0645,
    title: '全国大部气温将创新低 重庆湖北有暴雨',
    content: '中国天气网讯 昨天（26日）开始，一股较强冷空气从新疆启程，预计受其影响，27-28日，我国大部地区将自西向东经历大风降温天气过程，并可能迎来今年下半年的气温新低，西北、华北北部、东北不少地方最低气温将跌入冰点；另外，今明天，河南、江苏、安徽及重庆、湖北等地雨势较强，重庆、湖北交界一带有暴雨，需加强防范。北方迎大风降温和雨雪 西北华北等最低温将跌破冰点\r\n进入霜降节气以来，冷空气逐渐趋于活跃。昨天，一股较强冷空气已经率先影响新疆等地，给这里带来风雪降温天气。监测显示，昨8时至今6时，新疆北部、青海东南部局地出现1～4毫米降雪或雨夹雪，新疆拜城降水量达12.2毫米。',
    author: '方中信',
    source: '中国青年报',
    timestamp: 1477565934905,
    s_img: '',
    b_img: '' },
  { _id: 5811df135f56893224569337,
    title: '全国大部气温将创新低 重庆湖北有暴雨',
    content: '中国天气网讯 昨天（26日）开始，一股较强冷空气从新疆启程，预计受其影响，27-28日，我国大部地区将自西向东经历大风降温天气过程，并可能迎来今年下半年的气温新低，西北、华北北部、东北不少地方最低气温将跌入冰点；另外，今明天，河南、江苏、安徽及重庆、湖北等地雨势较强，重庆、湖北交界一带有暴雨，需加强防范。北方迎大风降温和雨雪 西北华北等最低温将跌破冰点\r\n进入霜降节气以来，冷空气逐渐趋于活跃。昨天，一股较强冷空气已经率先影响新疆等地，给这里带来风雪降温天气。监测显示，昨8时至今6时，新疆北部、青海东南部局地出现1～4毫米降雪或雨夹雪，新疆拜城降水量达12.2毫米。',
    author: '方中信',
    source: '中国青年报',
    timestamp: 1477565934905,
    s_img: '',
    b_img: '' },
  { _id: 5811df2c5f56893224569338,
    title: '全国大部气温将创新低 重庆湖北有暴雨',
    content: '中国天气网讯 昨天（26日）开始，一股较强冷空气从新疆启程，预计受其影响，27-28日，我国大部地区将自西向东经历大风降温天气过程，并可能迎来今年下半年的气温新低，西北、华北北部、东北不少地方最低气温将跌入冰点；另外，今明天，河南、江苏、安徽及重庆、湖北等地雨势较强，重庆、湖北交界一带有暴雨，需加强防范。北方迎大风降温和雨雪 西北华北等最低温将跌破冰点\r\n进入霜降节气以来，冷空气逐渐趋于活跃。昨天，一股较强冷空气已经率先影响新疆等地，给这里带来风雪降温天气。监测显示，昨8时至今6时，新疆北部、青海东南部局地出现1～4毫米降雪或雨夹雪，新疆拜城降水量达12.2毫米。',
    author: '方中信',
    source: '中国青年报',
    timestamp: 1477565934905,
    s_img: '',
    b_img: '' },
  { _id: 5811df355f56893224569339,
    title: '全国大部气温将创新低 重庆湖北有暴雨',
    content: '中国天气网讯 昨天（26日）开始，一股较强冷空气从新疆启程，预计受其影响，27-28日，我国大部地区将自西向东经历大风降温天气过程，并可能迎来今年下半年的气温新低，西北、华北北部、东北不少地方最低气温将跌入冰点；另外，今明天，河南、江苏、安徽及重庆、湖北等地雨势较强，重庆、湖北交界一带有暴雨，需加强防范。北方迎大风降温和雨雪 西北华北等最低温将跌破冰点\r\n进入霜降节气以来，冷空气逐渐趋于活跃。昨天，一股较强冷空气已经率先影响新疆等地，给这里带来风雪降温天气。监测显示，昨8时至今6时，新疆北部、青海东南部局地出现1～4毫米降雪或雨夹雪，新疆拜城降水量达12.2毫米。',
    author: '方中信',
    source: '中国青年报',
    timestamp: 1477565934905,
    s_img: '',
    b_img: '' } ]
[0mGET /article/index [32m200 [0m548.166 ms - 1297[0m
[0mGET /assets/css/bootstrap.css [36m304 [0m53.858 ms - -[0m
[0mGET /assets/css/myapp.css [36m304 [0m3.769 ms - -[0m
[0mGET /assets/js/jquery.js [36m304 [0m2.876 ms - -[0m
[0mGET /assets/js/bootstrap.js [36m304 [0m5.593 ms - -[0m
----- [ { _id: 5811de4c5f568909c0bd0645,
    title: '全国大部气温将创新低 重庆湖北有暴雨',
    content: '中国天气网讯 昨天（26日）开始，一股较强冷空气从新疆启程，预计受其影响，27-28日，我国大部地区将自西向东经历大风降温天气过程，并可能迎来今年下半年的气温新低，西北、华北北部、东北不少地方最低气温将跌入冰点；另外，今明天，河南、江苏、安徽及重庆、湖北等地雨势较强，重庆、湖北交界一带有暴雨，需加强防范。北方迎大风降温和雨雪 西北华北等最低温将跌破冰点\r\n进入霜降节气以来，冷空气逐渐趋于活跃。昨天，一股较强冷空气已经率先影响新疆等地，给这里带来风雪降温天气。监测显示，昨8时至今6时，新疆北部、青海东南部局地出现1～4毫米降雪或雨夹雪，新疆拜城降水量达12.2毫米。',
    author: '方中信',
    source: '中国青年报',
    timestamp: 1477565934905,
    s_img: '',
    b_img: '' },
  { _id: 5811df135f56893224569337,
    title: '全国大部气温将创新低 重庆湖北有暴雨',
    content: '中国天气网讯 昨天（26日）开始，一股较强冷空气从新疆启程，预计受其影响，27-28日，我国大部地区将自西向东经历大风降温天气过程，并可能迎来今年下半年的气温新低，西北、华北北部、东北不少地方最低气温将跌入冰点；另外，今明天，河南、江苏、安徽及重庆、湖北等地雨势较强，重庆、湖北交界一带有暴雨，需加强防范。北方迎大风降温和雨雪 西北华北等最低温将跌破冰点\r\n进入霜降节气以来，冷空气逐渐趋于活跃。昨天，一股较强冷空气已经率先影响新疆等地，给这里带来风雪降温天气。监测显示，昨8时至今6时，新疆北部、青海东南部局地出现1～4毫米降雪或雨夹雪，新疆拜城降水量达12.2毫米。',
    author: '方中信',
    source: '中国青年报',
    timestamp: 1477565934905,
    s_img: '',
    b_img: '' },
  { _id: 5811df2c5f56893224569338,
    title: '全国大部气温将创新低 重庆湖北有暴雨',
    content: '中国天气网讯 昨天（26日）开始，一股较强冷空气从新疆启程，预计受其影响，27-28日，我国大部地区将自西向东经历大风降温天气过程，并可能迎来今年下半年的气温新低，西北、华北北部、东北不少地方最低气温将跌入冰点；另外，今明天，河南、江苏、安徽及重庆、湖北等地雨势较强，重庆、湖北交界一带有暴雨，需加强防范。北方迎大风降温和雨雪 西北华北等最低温将跌破冰点\r\n进入霜降节气以来，冷空气逐渐趋于活跃。昨天，一股较强冷空气已经率先影响新疆等地，给这里带来风雪降温天气。监测显示，昨8时至今6时，新疆北部、青海东南部局地出现1～4毫米降雪或雨夹雪，新疆拜城降水量达12.2毫米。',
    author: '方中信',
    source: '中国青年报',
    timestamp: 1477565934905,
    s_img: '',
    b_img: '' },
  { _id: 5811df355f56893224569339,
    title: '全国大部气温将创新低 重庆湖北有暴雨',
    content: '中国天气网讯 昨天（26日）开始，一股较强冷空气从新疆启程，预计受其影响，27-28日，我国大部地区将自西向东经历大风降温天气过程，并可能迎来今年下半年的气温新低，西北、华北北部、东北不少地方最低气温将跌入冰点；另外，今明天，河南、江苏、安徽及重庆、湖北等地雨势较强，重庆、湖北交界一带有暴雨，需加强防范。北方迎大风降温和雨雪 西北华北等最低温将跌破冰点\r\n进入霜降节气以来，冷空气逐渐趋于活跃。昨天，一股较强冷空气已经率先影响新疆等地，给这里带来风雪降温天气。监测显示，昨8时至今6时，新疆北部、青海东南部局地出现1～4毫米降雪或雨夹雪，新疆拜城降水量达12.2毫米。',
    author: '方中信',
    source: '中国青年报',
    timestamp: 1477565934905,
    s_img: '',
    b_img: '' } ]
[0mGET /favicon.ico [36m304 [0m585.685 ms - -[0m
----- [ { _id: 5811de4c5f568909c0bd0645,
    title: '全国大部气温将创新低 重庆湖北有暴雨',
    content: '中国天气网讯 昨天（26日）开始，一股较强冷空气从新疆启程，预计受其影响，27-28日，我国大部地区将自西向东经历大风降温天气过程，并可能迎来今年下半年的气温新低，西北、华北北部、东北不少地方最低气温将跌入冰点；另外，今明天，河南、江苏、安徽及重庆、湖北等地雨势较强，重庆、湖北交界一带有暴雨，需加强防范。北方迎大风降温和雨雪 西北华北等最低温将跌破冰点\r\n进入霜降节气以来，冷空气逐渐趋于活跃。昨天，一股较强冷空气已经率先影响新疆等地，给这里带来风雪降温天气。监测显示，昨8时至今6时，新疆北部、青海东南部局地出现1～4毫米降雪或雨夹雪，新疆拜城降水量达12.2毫米。',
    author: '方中信',
    source: '中国青年报',
    timestamp: 1477565934905,
    s_img: '',
    b_img: '' },
  { _id: 5811df135f56893224569337,
    title: '全国大部气温将创新低 重庆湖北有暴雨',
    content: '中国天气网讯 昨天（26日）开始，一股较强冷空气从新疆启程，预计受其影响，27-28日，我国大部地区将自西向东经历大风降温天气过程，并可能迎来今年下半年的气温新低，西北、华北北部、东北不少地方最低气温将跌入冰点；另外，今明天，河南、江苏、安徽及重庆、湖北等地雨势较强，重庆、湖北交界一带有暴雨，需加强防范。北方迎大风降温和雨雪 西北华北等最低温将跌破冰点\r\n进入霜降节气以来，冷空气逐渐趋于活跃。昨天，一股较强冷空气已经率先影响新疆等地，给这里带来风雪降温天气。监测显示，昨8时至今6时，新疆北部、青海东南部局地出现1～4毫米降雪或雨夹雪，新疆拜城降水量达12.2毫米。',
    author: '方中信',
    source: '中国青年报',
    timestamp: 1477565934905,
    s_img: '',
    b_img: '' },
  { _id: 5811df2c5f56893224569338,
    title: '全国大部气温将创新低 重庆湖北有暴雨',
    content: '中国天气网讯 昨天（26日）开始，一股较强冷空气从新疆启程，预计受其影响，27-28日，我国大部地区将自西向东经历大风降温天气过程，并可能迎来今年下半年的气温新低，西北、华北北部、东北不少地方最低气温将跌入冰点；另外，今明天，河南、江苏、安徽及重庆、湖北等地雨势较强，重庆、湖北交界一带有暴雨，需加强防范。北方迎大风降温和雨雪 西北华北等最低温将跌破冰点\r\n进入霜降节气以来，冷空气逐渐趋于活跃。昨天，一股较强冷空气已经率先影响新疆等地，给这里带来风雪降温天气。监测显示，昨8时至今6时，新疆北部、青海东南部局地出现1～4毫米降雪或雨夹雪，新疆拜城降水量达12.2毫米。',
    author: '方中信',
    source: '中国青年报',
    timestamp: 1477565934905,
    s_img: '',
    b_img: '' },
  { _id: 5811df355f56893224569339,
    title: '全国大部气温将创新低 重庆湖北有暴雨',
    content: '中国天气网讯 昨天（26日）开始，一股较强冷空气从新疆启程，预计受其影响，27-28日，我国大部地区将自西向东经历大风降温天气过程，并可能迎来今年下半年的气温新低，西北、华北北部、东北不少地方最低气温将跌入冰点；另外，今明天，河南、江苏、安徽及重庆、湖北等地雨势较强，重庆、湖北交界一带有暴雨，需加强防范。北方迎大风降温和雨雪 西北华北等最低温将跌破冰点\r\n进入霜降节气以来，冷空气逐渐趋于活跃。昨天，一股较强冷空气已经率先影响新疆等地，给这里带来风雪降温天气。监测显示，昨8时至今6时，新疆北部、青海东南部局地出现1～4毫米降雪或雨夹雪，新疆拜城降水量达12.2毫米。',
    author: '方中信',
    source: '中国青年报',
    timestamp: 1477565934905,
    s_img: '',
    b_img: '' } ]
[0mGET /member/index [32m200 [0m268.112 ms - 1297[0m
[0mGET /assets/css/bootstrap.css [36m304 [0m1.784 ms - -[0m
[0mGET /assets/css/myapp.css [36m304 [0m1.113 ms - -[0m
[0mGET /assets/js/jquery.js [36m304 [0m1.145 ms - -[0m
[0mGET /assets/js/bootstrap.js [36m304 [0m0.531 ms - -[0m
----- [ { _id: 5811de4c5f568909c0bd0645,
    title: '全国大部气温将创新低 重庆湖北有暴雨',
    content: '中国天气网讯 昨天（26日）开始，一股较强冷空气从新疆启程，预计受其影响，27-28日，我国大部地区将自西向东经历大风降温天气过程，并可能迎来今年下半年的气温新低，西北、华北北部、东北不少地方最低气温将跌入冰点；另外，今明天，河南、江苏、安徽及重庆、湖北等地雨势较强，重庆、湖北交界一带有暴雨，需加强防范。北方迎大风降温和雨雪 西北华北等最低温将跌破冰点\r\n进入霜降节气以来，冷空气逐渐趋于活跃。昨天，一股较强冷空气已经率先影响新疆等地，给这里带来风雪降温天气。监测显示，昨8时至今6时，新疆北部、青海东南部局地出现1～4毫米降雪或雨夹雪，新疆拜城降水量达12.2毫米。',
    author: '方中信',
    source: '中国青年报',
    timestamp: 1477565934905,
    s_img: '',
    b_img: '' },
  { _id: 5811df135f56893224569337,
    title: '全国大部气温将创新低 重庆湖北有暴雨',
    content: '中国天气网讯 昨天（26日）开始，一股较强冷空气从新疆启程，预计受其影响，27-28日，我国大部地区将自西向东经历大风降温天气过程，并可能迎来今年下半年的气温新低，西北、华北北部、东北不少地方最低气温将跌入冰点；另外，今明天，河南、江苏、安徽及重庆、湖北等地雨势较强，重庆、湖北交界一带有暴雨，需加强防范。北方迎大风降温和雨雪 西北华北等最低温将跌破冰点\r\n进入霜降节气以来，冷空气逐渐趋于活跃。昨天，一股较强冷空气已经率先影响新疆等地，给这里带来风雪降温天气。监测显示，昨8时至今6时，新疆北部、青海东南部局地出现1～4毫米降雪或雨夹雪，新疆拜城降水量达12.2毫米。',
    author: '方中信',
    source: '中国青年报',
    timestamp: 1477565934905,
    s_img: '',
    b_img: '' },
  { _id: 5811df2c5f56893224569338,
    title: '全国大部气温将创新低 重庆湖北有暴雨',
    content: '中国天气网讯 昨天（26日）开始，一股较强冷空气从新疆启程，预计受其影响，27-28日，我国大部地区将自西向东经历大风降温天气过程，并可能迎来今年下半年的气温新低，西北、华北北部、东北不少地方最低气温将跌入冰点；另外，今明天，河南、江苏、安徽及重庆、湖北等地雨势较强，重庆、湖北交界一带有暴雨，需加强防范。北方迎大风降温和雨雪 西北华北等最低温将跌破冰点\r\n进入霜降节气以来，冷空气逐渐趋于活跃。昨天，一股较强冷空气已经率先影响新疆等地，给这里带来风雪降温天气。监测显示，昨8时至今6时，新疆北部、青海东南部局地出现1～4毫米降雪或雨夹雪，新疆拜城降水量达12.2毫米。',
    author: '方中信',
    source: '中国青年报',
    timestamp: 1477565934905,
    s_img: '',
    b_img: '' },
  { _id: 5811df355f56893224569339,
    title: '全国大部气温将创新低 重庆湖北有暴雨',
    content: '中国天气网讯 昨天（26日）开始，一股较强冷空气从新疆启程，预计受其影响，27-28日，我国大部地区将自西向东经历大风降温天气过程，并可能迎来今年下半年的气温新低，西北、华北北部、东北不少地方最低气温将跌入冰点；另外，今明天，河南、江苏、安徽及重庆、湖北等地雨势较强，重庆、湖北交界一带有暴雨，需加强防范。北方迎大风降温和雨雪 西北华北等最低温将跌破冰点\r\n进入霜降节气以来，冷空气逐渐趋于活跃。昨天，一股较强冷空气已经率先影响新疆等地，给这里带来风雪降温天气。监测显示，昨8时至今6时，新疆北部、青海东南部局地出现1～4毫米降雪或雨夹雪，新疆拜城降水量达12.2毫米。',
    author: '方中信',
    source: '中国青年报',
    timestamp: 1477565934905,
    s_img: '',
    b_img: '' } ]
[0mGET /favicon.ico [36m304 [0m358.235 ms - -[0m
----- [ { _id: 5811de4c5f568909c0bd0645,
    title: '全国大部气温将创新低 重庆湖北有暴雨',
    content: '中国天气网讯 昨天（26日）开始，一股较强冷空气从新疆启程，预计受其影响，27-28日，我国大部地区将自西向东经历大风降温天气过程，并可能迎来今年下半年的气温新低，西北、华北北部、东北不少地方最低气温将跌入冰点；另外，今明天，河南、江苏、安徽及重庆、湖北等地雨势较强，重庆、湖北交界一带有暴雨，需加强防范。北方迎大风降温和雨雪 西北华北等最低温将跌破冰点\r\n进入霜降节气以来，冷空气逐渐趋于活跃。昨天，一股较强冷空气已经率先影响新疆等地，给这里带来风雪降温天气。监测显示，昨8时至今6时，新疆北部、青海东南部局地出现1～4毫米降雪或雨夹雪，新疆拜城降水量达12.2毫米。',
    author: '方中信',
    source: '中国青年报',
    timestamp: 1477565934905,
    s_img: '',
    b_img: '' },
  { _id: 5811df135f56893224569337,
    title: '全国大部气温将创新低 重庆湖北有暴雨',
    content: '中国天气网讯 昨天（26日）开始，一股较强冷空气从新疆启程，预计受其影响，27-28日，我国大部地区将自西向东经历大风降温天气过程，并可能迎来今年下半年的气温新低，西北、华北北部、东北不少地方最低气温将跌入冰点；另外，今明天，河南、江苏、安徽及重庆、湖北等地雨势较强，重庆、湖北交界一带有暴雨，需加强防范。北方迎大风降温和雨雪 西北华北等最低温将跌破冰点\r\n进入霜降节气以来，冷空气逐渐趋于活跃。昨天，一股较强冷空气已经率先影响新疆等地，给这里带来风雪降温天气。监测显示，昨8时至今6时，新疆北部、青海东南部局地出现1～4毫米降雪或雨夹雪，新疆拜城降水量达12.2毫米。',
    author: '方中信',
    source: '中国青年报',
    timestamp: 1477565934905,
    s_img: '',
    b_img: '' },
  { _id: 5811df2c5f56893224569338,
    title: '全国大部气温将创新低 重庆湖北有暴雨',
    content: '中国天气网讯 昨天（26日）开始，一股较强冷空气从新疆启程，预计受其影响，27-28日，我国大部地区将自西向东经历大风降温天气过程，并可能迎来今年下半年的气温新低，西北、华北北部、东北不少地方最低气温将跌入冰点；另外，今明天，河南、江苏、安徽及重庆、湖北等地雨势较强，重庆、湖北交界一带有暴雨，需加强防范。北方迎大风降温和雨雪 西北华北等最低温将跌破冰点\r\n进入霜降节气以来，冷空气逐渐趋于活跃。昨天，一股较强冷空气已经率先影响新疆等地，给这里带来风雪降温天气。监测显示，昨8时至今6时，新疆北部、青海东南部局地出现1～4毫米降雪或雨夹雪，新疆拜城降水量达12.2毫米。',
    author: '方中信',
    source: '中国青年报',
    timestamp: 1477565934905,
    s_img: '',
    b_img: '' },
  { _id: 5811df355f56893224569339,
    title: '全国大部气温将创新低 重庆湖北有暴雨',
    content: '中国天气网讯 昨天（26日）开始，一股较强冷空气从新疆启程，预计受其影响，27-28日，我国大部地区将自西向东经历大风降温天气过程，并可能迎来今年下半年的气温新低，西北、华北北部、东北不少地方最低气温将跌入冰点；另外，今明天，河南、江苏、安徽及重庆、湖北等地雨势较强，重庆、湖北交界一带有暴雨，需加强防范。北方迎大风降温和雨雪 西北华北等最低温将跌破冰点\r\n进入霜降节气以来，冷空气逐渐趋于活跃。昨天，一股较强冷空气已经率先影响新疆等地，给这里带来风雪降温天气。监测显示，昨8时至今6时，新疆北部、青海东南部局地出现1～4毫米降雪或雨夹雪，新疆拜城降水量达12.2毫米。',
    author: '方中信',
    source: '中国青年报',
    timestamp: 1477565934905,
    s_img: '',
    b_img: '' } ]
[0mGET /comment/index [32m200 [0m294.580 ms - 1297[0m
[0mGET /assets/css/bootstrap.css [36m304 [0m1.248 ms - -[0m
[0mGET /assets/css/myapp.css [36m304 [0m0.824 ms - -[0m
[0mGET /assets/js/jquery.js [36m304 [0m2.948 ms - -[0m
[0mGET /assets/js/bootstrap.js [36m304 [0m3.603 ms - -[0m
----- [ { _id: 5811de4c5f568909c0bd0645,
    title: '全国大部气温将创新低 重庆湖北有暴雨',
    content: '中国天气网讯 昨天（26日）开始，一股较强冷空气从新疆启程，预计受其影响，27-28日，我国大部地区将自西向东经历大风降温天气过程，并可能迎来今年下半年的气温新低，西北、华北北部、东北不少地方最低气温将跌入冰点；另外，今明天，河南、江苏、安徽及重庆、湖北等地雨势较强，重庆、湖北交界一带有暴雨，需加强防范。北方迎大风降温和雨雪 西北华北等最低温将跌破冰点\r\n进入霜降节气以来，冷空气逐渐趋于活跃。昨天，一股较强冷空气已经率先影响新疆等地，给这里带来风雪降温天气。监测显示，昨8时至今6时，新疆北部、青海东南部局地出现1～4毫米降雪或雨夹雪，新疆拜城降水量达12.2毫米。',
    author: '方中信',
    source: '中国青年报',
    timestamp: 1477565934905,
    s_img: '',
    b_img: '' },
  { _id: 5811df135f56893224569337,
    title: '全国大部气温将创新低 重庆湖北有暴雨',
    content: '中国天气网讯 昨天（26日）开始，一股较强冷空气从新疆启程，预计受其影响，27-28日，我国大部地区将自西向东经历大风降温天气过程，并可能迎来今年下半年的气温新低，西北、华北北部、东北不少地方最低气温将跌入冰点；另外，今明天，河南、江苏、安徽及重庆、湖北等地雨势较强，重庆、湖北交界一带有暴雨，需加强防范。北方迎大风降温和雨雪 西北华北等最低温将跌破冰点\r\n进入霜降节气以来，冷空气逐渐趋于活跃。昨天，一股较强冷空气已经率先影响新疆等地，给这里带来风雪降温天气。监测显示，昨8时至今6时，新疆北部、青海东南部局地出现1～4毫米降雪或雨夹雪，新疆拜城降水量达12.2毫米。',
    author: '方中信',
    source: '中国青年报',
    timestamp: 1477565934905,
    s_img: '',
    b_img: '' },
  { _id: 5811df2c5f56893224569338,
    title: '全国大部气温将创新低 重庆湖北有暴雨',
    content: '中国天气网讯 昨天（26日）开始，一股较强冷空气从新疆启程，预计受其影响，27-28日，我国大部地区将自西向东经历大风降温天气过程，并可能迎来今年下半年的气温新低，西北、华北北部、东北不少地方最低气温将跌入冰点；另外，今明天，河南、江苏、安徽及重庆、湖北等地雨势较强，重庆、湖北交界一带有暴雨，需加强防范。北方迎大风降温和雨雪 西北华北等最低温将跌破冰点\r\n进入霜降节气以来，冷空气逐渐趋于活跃。昨天，一股较强冷空气已经率先影响新疆等地，给这里带来风雪降温天气。监测显示，昨8时至今6时，新疆北部、青海东南部局地出现1～4毫米降雪或雨夹雪，新疆拜城降水量达12.2毫米。',
    author: '方中信',
    source: '中国青年报',
    timestamp: 1477565934905,
    s_img: '',
    b_img: '' },
  { _id: 5811df355f56893224569339,
    title: '全国大部气温将创新低 重庆湖北有暴雨',
    content: '中国天气网讯 昨天（26日）开始，一股较强冷空气从新疆启程，预计受其影响，27-28日，我国大部地区将自西向东经历大风降温天气过程，并可能迎来今年下半年的气温新低，西北、华北北部、东北不少地方最低气温将跌入冰点；另外，今明天，河南、江苏、安徽及重庆、湖北等地雨势较强，重庆、湖北交界一带有暴雨，需加强防范。北方迎大风降温和雨雪 西北华北等最低温将跌破冰点\r\n进入霜降节气以来，冷空气逐渐趋于活跃。昨天，一股较强冷空气已经率先影响新疆等地，给这里带来风雪降温天气。监测显示，昨8时至今6时，新疆北部、青海东南部局地出现1～4毫米降雪或雨夹雪，新疆拜城降水量达12.2毫米。',
    author: '方中信',
    source: '中国青年报',
    timestamp: 1477565934905,
    s_img: '',
    b_img: '' } ]
[0mGET /favicon.ico [36m304 [0m864.953 ms - -[0m
----- [ { _id: 5811de4c5f568909c0bd0645,
    title: '全国大部气温将创新低 重庆湖北有暴雨',
    content: '中国天气网讯 昨天（26日）开始，一股较强冷空气从新疆启程，预计受其影响，27-28日，我国大部地区将自西向东经历大风降温天气过程，并可能迎来今年下半年的气温新低，西北、华北北部、东北不少地方最低气温将跌入冰点；另外，今明天，河南、江苏、安徽及重庆、湖北等地雨势较强，重庆、湖北交界一带有暴雨，需加强防范。北方迎大风降温和雨雪 西北华北等最低温将跌破冰点\r\n进入霜降节气以来，冷空气逐渐趋于活跃。昨天，一股较强冷空气已经率先影响新疆等地，给这里带来风雪降温天气。监测显示，昨8时至今6时，新疆北部、青海东南部局地出现1～4毫米降雪或雨夹雪，新疆拜城降水量达12.2毫米。',
    author: '方中信',
    source: '中国青年报',
    timestamp: 1477565934905,
    s_img: '',
    b_img: '' },
  { _id: 5811df135f56893224569337,
    title: '全国大部气温将创新低 重庆湖北有暴雨',
    content: '中国天气网讯 昨天（26日）开始，一股较强冷空气从新疆启程，预计受其影响，27-28日，我国大部地区将自西向东经历大风降温天气过程，并可能迎来今年下半年的气温新低，西北、华北北部、东北不少地方最低气温将跌入冰点；另外，今明天，河南、江苏、安徽及重庆、湖北等地雨势较强，重庆、湖北交界一带有暴雨，需加强防范。北方迎大风降温和雨雪 西北华北等最低温将跌破冰点\r\n进入霜降节气以来，冷空气逐渐趋于活跃。昨天，一股较强冷空气已经率先影响新疆等地，给这里带来风雪降温天气。监测显示，昨8时至今6时，新疆北部、青海东南部局地出现1～4毫米降雪或雨夹雪，新疆拜城降水量达12.2毫米。',
    author: '方中信',
    source: '中国青年报',
    timestamp: 1477565934905,
    s_img: '',
    b_img: '' },
  { _id: 5811df2c5f56893224569338,
    title: '全国大部气温将创新低 重庆湖北有暴雨',
    content: '中国天气网讯 昨天（26日）开始，一股较强冷空气从新疆启程，预计受其影响，27-28日，我国大部地区将自西向东经历大风降温天气过程，并可能迎来今年下半年的气温新低，西北、华北北部、东北不少地方最低气温将跌入冰点；另外，今明天，河南、江苏、安徽及重庆、湖北等地雨势较强，重庆、湖北交界一带有暴雨，需加强防范。北方迎大风降温和雨雪 西北华北等最低温将跌破冰点\r\n进入霜降节气以来，冷空气逐渐趋于活跃。昨天，一股较强冷空气已经率先影响新疆等地，给这里带来风雪降温天气。监测显示，昨8时至今6时，新疆北部、青海东南部局地出现1～4毫米降雪或雨夹雪，新疆拜城降水量达12.2毫米。',
    author: '方中信',
    source: '中国青年报',
    timestamp: 1477565934905,
    s_img: '',
    b_img: '' },
  { _id: 5811df355f56893224569339,
    title: '全国大部气温将创新低 重庆湖北有暴雨',
    content: '中国天气网讯 昨天（26日）开始，一股较强冷空气从新疆启程，预计受其影响，27-28日，我国大部地区将自西向东经历大风降温天气过程，并可能迎来今年下半年的气温新低，西北、华北北部、东北不少地方最低气温将跌入冰点；另外，今明天，河南、江苏、安徽及重庆、湖北等地雨势较强，重庆、湖北交界一带有暴雨，需加强防范。北方迎大风降温和雨雪 西北华北等最低温将跌破冰点\r\n进入霜降节气以来，冷空气逐渐趋于活跃。昨天，一股较强冷空气已经率先影响新疆等地，给这里带来风雪降温天气。监测显示，昨8时至今6时，新疆北部、青海东南部局地出现1～4毫米降雪或雨夹雪，新疆拜城降水量达12.2毫米。',
    author: '方中信',
    source: '中国青年报',
    timestamp: 1477565934905,
    s_img: '',
    b_img: '' } ]
[0mGET /member/index [36m304 [0m531.538 ms - -[0m
[0mGET /assets/css/bootstrap.css [36m304 [0m2.306 ms - -[0m
[0mGET /assets/css/myapp.css [36m304 [0m4.738 ms - -[0m
[0mGET /assets/js/jquery.js [36m304 [0m5.260 ms - -[0m
[0mGET /assets/js/bootstrap.js [36m304 [0m2.912 ms - -[0m
----- [ { _id: 5811de4c5f568909c0bd0645,
    title: '全国大部气温将创新低 重庆湖北有暴雨',
    content: '中国天气网讯 昨天（26日）开始，一股较强冷空气从新疆启程，预计受其影响，27-28日，我国大部地区将自西向东经历大风降温天气过程，并可能迎来今年下半年的气温新低，西北、华北北部、东北不少地方最低气温将跌入冰点；另外，今明天，河南、江苏、安徽及重庆、湖北等地雨势较强，重庆、湖北交界一带有暴雨，需加强防范。北方迎大风降温和雨雪 西北华北等最低温将跌破冰点\r\n进入霜降节气以来，冷空气逐渐趋于活跃。昨天，一股较强冷空气已经率先影响新疆等地，给这里带来风雪降温天气。监测显示，昨8时至今6时，新疆北部、青海东南部局地出现1～4毫米降雪或雨夹雪，新疆拜城降水量达12.2毫米。',
    author: '方中信',
    source: '中国青年报',
    timestamp: 1477565934905,
    s_img: '',
    b_img: '' },
  { _id: 5811df135f56893224569337,
    title: '全国大部气温将创新低 重庆湖北有暴雨',
    content: '中国天气网讯 昨天（26日）开始，一股较强冷空气从新疆启程，预计受其影响，27-28日，我国大部地区将自西向东经历大风降温天气过程，并可能迎来今年下半年的气温新低，西北、华北北部、东北不少地方最低气温将跌入冰点；另外，今明天，河南、江苏、安徽及重庆、湖北等地雨势较强，重庆、湖北交界一带有暴雨，需加强防范。北方迎大风降温和雨雪 西北华北等最低温将跌破冰点\r\n进入霜降节气以来，冷空气逐渐趋于活跃。昨天，一股较强冷空气已经率先影响新疆等地，给这里带来风雪降温天气。监测显示，昨8时至今6时，新疆北部、青海东南部局地出现1～4毫米降雪或雨夹雪，新疆拜城降水量达12.2毫米。',
    author: '方中信',
    source: '中国青年报',
    timestamp: 1477565934905,
    s_img: '',
    b_img: '' },
  { _id: 5811df2c5f56893224569338,
    title: '全国大部气温将创新低 重庆湖北有暴雨',
    content: '中国天气网讯 昨天（26日）开始，一股较强冷空气从新疆启程，预计受其影响，27-28日，我国大部地区将自西向东经历大风降温天气过程，并可能迎来今年下半年的气温新低，西北、华北北部、东北不少地方最低气温将跌入冰点；另外，今明天，河南、江苏、安徽及重庆、湖北等地雨势较强，重庆、湖北交界一带有暴雨，需加强防范。北方迎大风降温和雨雪 西北华北等最低温将跌破冰点\r\n进入霜降节气以来，冷空气逐渐趋于活跃。昨天，一股较强冷空气已经率先影响新疆等地，给这里带来风雪降温天气。监测显示，昨8时至今6时，新疆北部、青海东南部局地出现1～4毫米降雪或雨夹雪，新疆拜城降水量达12.2毫米。',
    author: '方中信',
    source: '中国青年报',
    timestamp: 1477565934905,
    s_img: '',
    b_img: '' },
  { _id: 5811df355f56893224569339,
    title: '全国大部气温将创新低 重庆湖北有暴雨',
    content: '中国天气网讯 昨天（26日）开始，一股较强冷空气从新疆启程，预计受其影响，27-28日，我国大部地区将自西向东经历大风降温天气过程，并可能迎来今年下半年的气温新低，西北、华北北部、东北不少地方最低气温将跌入冰点；另外，今明天，河南、江苏、安徽及重庆、湖北等地雨势较强，重庆、湖北交界一带有暴雨，需加强防范。北方迎大风降温和雨雪 西北华北等最低温将跌破冰点\r\n进入霜降节气以来，冷空气逐渐趋于活跃。昨天，一股较强冷空气已经率先影响新疆等地，给这里带来风雪降温天气。监测显示，昨8时至今6时，新疆北部、青海东南部局地出现1～4毫米降雪或雨夹雪，新疆拜城降水量达12.2毫米。',
    author: '方中信',
    source: '中国青年报',
    timestamp: 1477565934905,
    s_img: '',
    b_img: '' } ]
[0mGET /favicon.ico [36m304 [0m373.081 ms - -[0m
[0mGET /article/index [0m- [0m- ms - -[0m
----- [ { _id: 5811de4c5f568909c0bd0645,
    title: '全国大部气温将创新低 重庆湖北有暴雨',
    content: '中国天气网讯 昨天（26日）开始，一股较强冷空气从新疆启程，预计受其影响，27-28日，我国大部地区将自西向东经历大风降温天气过程，并可能迎来今年下半年的气温新低，西北、华北北部、东北不少地方最低气温将跌入冰点；另外，今明天，河南、江苏、安徽及重庆、湖北等地雨势较强，重庆、湖北交界一带有暴雨，需加强防范。北方迎大风降温和雨雪 西北华北等最低温将跌破冰点\r\n进入霜降节气以来，冷空气逐渐趋于活跃。昨天，一股较强冷空气已经率先影响新疆等地，给这里带来风雪降温天气。监测显示，昨8时至今6时，新疆北部、青海东南部局地出现1～4毫米降雪或雨夹雪，新疆拜城降水量达12.2毫米。',
    author: '方中信',
    source: '中国青年报',
    timestamp: 1477565934905,
    s_img: '',
    b_img: '' },
  { _id: 5811df135f56893224569337,
    title: '全国大部气温将创新低 重庆湖北有暴雨',
    content: '中国天气网讯 昨天（26日）开始，一股较强冷空气从新疆启程，预计受其影响，27-28日，我国大部地区将自西向东经历大风降温天气过程，并可能迎来今年下半年的气温新低，西北、华北北部、东北不少地方最低气温将跌入冰点；另外，今明天，河南、江苏、安徽及重庆、湖北等地雨势较强，重庆、湖北交界一带有暴雨，需加强防范。北方迎大风降温和雨雪 西北华北等最低温将跌破冰点\r\n进入霜降节气以来，冷空气逐渐趋于活跃。昨天，一股较强冷空气已经率先影响新疆等地，给这里带来风雪降温天气。监测显示，昨8时至今6时，新疆北部、青海东南部局地出现1～4毫米降雪或雨夹雪，新疆拜城降水量达12.2毫米。',
    author: '方中信',
    source: '中国青年报',
    timestamp: 1477565934905,
    s_img: '',
    b_img: '' },
  { _id: 5811df2c5f56893224569338,
    title: '全国大部气温将创新低 重庆湖北有暴雨',
    content: '中国天气网讯 昨天（26日）开始，一股较强冷空气从新疆启程，预计受其影响，27-28日，我国大部地区将自西向东经历大风降温天气过程，并可能迎来今年下半年的气温新低，西北、华北北部、东北不少地方最低气温将跌入冰点；另外，今明天，河南、江苏、安徽及重庆、湖北等地雨势较强，重庆、湖北交界一带有暴雨，需加强防范。北方迎大风降温和雨雪 西北华北等最低温将跌破冰点\r\n进入霜降节气以来，冷空气逐渐趋于活跃。昨天，一股较强冷空气已经率先影响新疆等地，给这里带来风雪降温天气。监测显示，昨8时至今6时，新疆北部、青海东南部局地出现1～4毫米降雪或雨夹雪，新疆拜城降水量达12.2毫米。',
    author: '方中信',
    source: '中国青年报',
    timestamp: 1477565934905,
    s_img: '',
    b_img: '' },
  { _id: 5811df355f56893224569339,
    title: '全国大部气温将创新低 重庆湖北有暴雨',
    content: '中国天气网讯 昨天（26日）开始，一股较强冷空气从新疆启程，预计受其影响，27-28日，我国大部地区将自西向东经历大风降温天气过程，并可能迎来今年下半年的气温新低，西北、华北北部、东北不少地方最低气温将跌入冰点；另外，今明天，河南、江苏、安徽及重庆、湖北等地雨势较强，重庆、湖北交界一带有暴雨，需加强防范。北方迎大风降温和雨雪 西北华北等最低温将跌破冰点\r\n进入霜降节气以来，冷空气逐渐趋于活跃。昨天，一股较强冷空气已经率先影响新疆等地，给这里带来风雪降温天气。监测显示，昨8时至今6时，新疆北部、青海东南部局地出现1～4毫米降雪或雨夹雪，新疆拜城降水量达12.2毫米。',
    author: '方中信',
    source: '中国青年报',
    timestamp: 1477565934905,
    s_img: '',
    b_img: '' } ]
----- [ { _id: 5811de4c5f568909c0bd0645,
    title: '全国大部气温将创新低 重庆湖北有暴雨',
    content: '中国天气网讯 昨天（26日）开始，一股较强冷空气从新疆启程，预计受其影响，27-28日，我国大部地区将自西向东经历大风降温天气过程，并可能迎来今年下半年的气温新低，西北、华北北部、东北不少地方最低气温将跌入冰点；另外，今明天，河南、江苏、安徽及重庆、湖北等地雨势较强，重庆、湖北交界一带有暴雨，需加强防范。北方迎大风降温和雨雪 西北华北等最低温将跌破冰点\r\n进入霜降节气以来，冷空气逐渐趋于活跃。昨天，一股较强冷空气已经率先影响新疆等地，给这里带来风雪降温天气。监测显示，昨8时至今6时，新疆北部、青海东南部局地出现1～4毫米降雪或雨夹雪，新疆拜城降水量达12.2毫米。',
    author: '方中信',
    source: '中国青年报',
    timestamp: 1477565934905,
    s_img: '',
    b_img: '' },
  { _id: 5811df135f56893224569337,
    title: '全国大部气温将创新低 重庆湖北有暴雨',
    content: '中国天气网讯 昨天（26日）开始，一股较强冷空气从新疆启程，预计受其影响，27-28日，我国大部地区将自西向东经历大风降温天气过程，并可能迎来今年下半年的气温新低，西北、华北北部、东北不少地方最低气温将跌入冰点；另外，今明天，河南、江苏、安徽及重庆、湖北等地雨势较强，重庆、湖北交界一带有暴雨，需加强防范。北方迎大风降温和雨雪 西北华北等最低温将跌破冰点\r\n进入霜降节气以来，冷空气逐渐趋于活跃。昨天，一股较强冷空气已经率先影响新疆等地，给这里带来风雪降温天气。监测显示，昨8时至今6时，新疆北部、青海东南部局地出现1～4毫米降雪或雨夹雪，新疆拜城降水量达12.2毫米。',
    author: '方中信',
    source: '中国青年报',
    timestamp: 1477565934905,
    s_img: '',
    b_img: '' },
  { _id: 5811df2c5f56893224569338,
    title: '全国大部气温将创新低 重庆湖北有暴雨',
    content: '中国天气网讯 昨天（26日）开始，一股较强冷空气从新疆启程，预计受其影响，27-28日，我国大部地区将自西向东经历大风降温天气过程，并可能迎来今年下半年的气温新低，西北、华北北部、东北不少地方最低气温将跌入冰点；另外，今明天，河南、江苏、安徽及重庆、湖北等地雨势较强，重庆、湖北交界一带有暴雨，需加强防范。北方迎大风降温和雨雪 西北华北等最低温将跌破冰点\r\n进入霜降节气以来，冷空气逐渐趋于活跃。昨天，一股较强冷空气已经率先影响新疆等地，给这里带来风雪降温天气。监测显示，昨8时至今6时，新疆北部、青海东南部局地出现1～4毫米降雪或雨夹雪，新疆拜城降水量达12.2毫米。',
    author: '方中信',
    source: '中国青年报',
    timestamp: 1477565934905,
    s_img: '',
    b_img: '' },
  { _id: 5811df355f56893224569339,
    title: '全国大部气温将创新低 重庆湖北有暴雨',
    content: '中国天气网讯 昨天（26日）开始，一股较强冷空气从新疆启程，预计受其影响，27-28日，我国大部地区将自西向东经历大风降温天气过程，并可能迎来今年下半年的气温新低，西北、华北北部、东北不少地方最低气温将跌入冰点；另外，今明天，河南、江苏、安徽及重庆、湖北等地雨势较强，重庆、湖北交界一带有暴雨，需加强防范。北方迎大风降温和雨雪 西北华北等最低温将跌破冰点\r\n进入霜降节气以来，冷空气逐渐趋于活跃。昨天，一股较强冷空气已经率先影响新疆等地，给这里带来风雪降温天气。监测显示，昨8时至今6时，新疆北部、青海东南部局地出现1～4毫米降雪或雨夹雪，新疆拜城降水量达12.2毫米。',
    author: '方中信',
    source: '中国青年报',
    timestamp: 1477565934905,
    s_img: '',
    b_img: '' } ]
[0mGET / [36m304 [0m532.052 ms - -[0m
[0mGET /assets/css/bootstrap.css [36m304 [0m1.335 ms - -[0m
[0mGET /assets/js/jquery.js [36m304 [0m0.569 ms - -[0m
[0mGET /assets/css/myapp.css [36m304 [0m3.514 ms - -[0m
[0mGET /assets/js/bootstrap.js [36m304 [0m0.519 ms - -[0m
----- [ { _id: 5811de4c5f568909c0bd0645,
    title: '全国大部气温将创新低 重庆湖北有暴雨',
    content: '中国天气网讯 昨天（26日）开始，一股较强冷空气从新疆启程，预计受其影响，27-28日，我国大部地区将自西向东经历大风降温天气过程，并可能迎来今年下半年的气温新低，西北、华北北部、东北不少地方最低气温将跌入冰点；另外，今明天，河南、江苏、安徽及重庆、湖北等地雨势较强，重庆、湖北交界一带有暴雨，需加强防范。北方迎大风降温和雨雪 西北华北等最低温将跌破冰点\r\n进入霜降节气以来，冷空气逐渐趋于活跃。昨天，一股较强冷空气已经率先影响新疆等地，给这里带来风雪降温天气。监测显示，昨8时至今6时，新疆北部、青海东南部局地出现1～4毫米降雪或雨夹雪，新疆拜城降水量达12.2毫米。',
    author: '方中信',
    source: '中国青年报',
    timestamp: 1477565934905,
    s_img: '',
    b_img: '' },
  { _id: 5811df135f56893224569337,
    title: '全国大部气温将创新低 重庆湖北有暴雨',
    content: '中国天气网讯 昨天（26日）开始，一股较强冷空气从新疆启程，预计受其影响，27-28日，我国大部地区将自西向东经历大风降温天气过程，并可能迎来今年下半年的气温新低，西北、华北北部、东北不少地方最低气温将跌入冰点；另外，今明天，河南、江苏、安徽及重庆、湖北等地雨势较强，重庆、湖北交界一带有暴雨，需加强防范。北方迎大风降温和雨雪 西北华北等最低温将跌破冰点\r\n进入霜降节气以来，冷空气逐渐趋于活跃。昨天，一股较强冷空气已经率先影响新疆等地，给这里带来风雪降温天气。监测显示，昨8时至今6时，新疆北部、青海东南部局地出现1～4毫米降雪或雨夹雪，新疆拜城降水量达12.2毫米。',
    author: '方中信',
    source: '中国青年报',
    timestamp: 1477565934905,
    s_img: '',
    b_img: '' },
  { _id: 5811df2c5f56893224569338,
    title: '全国大部气温将创新低 重庆湖北有暴雨',
    content: '中国天气网讯 昨天（26日）开始，一股较强冷空气从新疆启程，预计受其影响，27-28日，我国大部地区将自西向东经历大风降温天气过程，并可能迎来今年下半年的气温新低，西北、华北北部、东北不少地方最低气温将跌入冰点；另外，今明天，河南、江苏、安徽及重庆、湖北等地雨势较强，重庆、湖北交界一带有暴雨，需加强防范。北方迎大风降温和雨雪 西北华北等最低温将跌破冰点\r\n进入霜降节气以来，冷空气逐渐趋于活跃。昨天，一股较强冷空气已经率先影响新疆等地，给这里带来风雪降温天气。监测显示，昨8时至今6时，新疆北部、青海东南部局地出现1～4毫米降雪或雨夹雪，新疆拜城降水量达12.2毫米。',
    author: '方中信',
    source: '中国青年报',
    timestamp: 1477565934905,
    s_img: '',
    b_img: '' },
  { _id: 5811df355f56893224569339,
    title: '全国大部气温将创新低 重庆湖北有暴雨',
    content: '中国天气网讯 昨天（26日）开始，一股较强冷空气从新疆启程，预计受其影响，27-28日，我国大部地区将自西向东经历大风降温天气过程，并可能迎来今年下半年的气温新低，西北、华北北部、东北不少地方最低气温将跌入冰点；另外，今明天，河南、江苏、安徽及重庆、湖北等地雨势较强，重庆、湖北交界一带有暴雨，需加强防范。北方迎大风降温和雨雪 西北华北等最低温将跌破冰点\r\n进入霜降节气以来，冷空气逐渐趋于活跃。昨天，一股较强冷空气已经率先影响新疆等地，给这里带来风雪降温天气。监测显示，昨8时至今6时，新疆北部、青海东南部局地出现1～4毫米降雪或雨夹雪，新疆拜城降水量达12.2毫米。',
    author: '方中信',
    source: '中国青年报',
    timestamp: 1477565934905,
    s_img: '',
    b_img: '' } ]
[0mGET /favicon.ico [36m304 [0m1291.044 ms - -[0m
----- [ { _id: 5811de4c5f568909c0bd0645,
    title: '全国大部气温将创新低 重庆湖北有暴雨',
    content: '中国天气网讯 昨天（26日）开始，一股较强冷空气从新疆启程，预计受其影响，27-28日，我国大部地区将自西向东经历大风降温天气过程，并可能迎来今年下半年的气温新低，西北、华北北部、东北不少地方最低气温将跌入冰点；另外，今明天，河南、江苏、安徽及重庆、湖北等地雨势较强，重庆、湖北交界一带有暴雨，需加强防范。北方迎大风降温和雨雪 西北华北等最低温将跌破冰点\r\n进入霜降节气以来，冷空气逐渐趋于活跃。昨天，一股较强冷空气已经率先影响新疆等地，给这里带来风雪降温天气。监测显示，昨8时至今6时，新疆北部、青海东南部局地出现1～4毫米降雪或雨夹雪，新疆拜城降水量达12.2毫米。',
    author: '方中信',
    source: '中国青年报',
    timestamp: 1477565934905,
    s_img: '',
    b_img: '' },
  { _id: 5811df135f56893224569337,
    title: '全国大部气温将创新低 重庆湖北有暴雨',
    content: '中国天气网讯 昨天（26日）开始，一股较强冷空气从新疆启程，预计受其影响，27-28日，我国大部地区将自西向东经历大风降温天气过程，并可能迎来今年下半年的气温新低，西北、华北北部、东北不少地方最低气温将跌入冰点；另外，今明天，河南、江苏、安徽及重庆、湖北等地雨势较强，重庆、湖北交界一带有暴雨，需加强防范。北方迎大风降温和雨雪 西北华北等最低温将跌破冰点\r\n进入霜降节气以来，冷空气逐渐趋于活跃。昨天，一股较强冷空气已经率先影响新疆等地，给这里带来风雪降温天气。监测显示，昨8时至今6时，新疆北部、青海东南部局地出现1～4毫米降雪或雨夹雪，新疆拜城降水量达12.2毫米。',
    author: '方中信',
    source: '中国青年报',
    timestamp: 1477565934905,
    s_img: '',
    b_img: '' },
  { _id: 5811df2c5f56893224569338,
    title: '全国大部气温将创新低 重庆湖北有暴雨',
    content: '中国天气网讯 昨天（26日）开始，一股较强冷空气从新疆启程，预计受其影响，27-28日，我国大部地区将自西向东经历大风降温天气过程，并可能迎来今年下半年的气温新低，西北、华北北部、东北不少地方最低气温将跌入冰点；另外，今明天，河南、江苏、安徽及重庆、湖北等地雨势较强，重庆、湖北交界一带有暴雨，需加强防范。北方迎大风降温和雨雪 西北华北等最低温将跌破冰点\r\n进入霜降节气以来，冷空气逐渐趋于活跃。昨天，一股较强冷空气已经率先影响新疆等地，给这里带来风雪降温天气。监测显示，昨8时至今6时，新疆北部、青海东南部局地出现1～4毫米降雪或雨夹雪，新疆拜城降水量达12.2毫米。',
    author: '方中信',
    source: '中国青年报',
    timestamp: 1477565934905,
    s_img: '',
    b_img: '' },
  { _id: 5811df355f56893224569339,
    title: '全国大部气温将创新低 重庆湖北有暴雨',
    content: '中国天气网讯 昨天（26日）开始，一股较强冷空气从新疆启程，预计受其影响，27-28日，我国大部地区将自西向东经历大风降温天气过程，并可能迎来今年下半年的气温新低，西北、华北北部、东北不少地方最低气温将跌入冰点；另外，今明天，河南、江苏、安徽及重庆、湖北等地雨势较强，重庆、湖北交界一带有暴雨，需加强防范。北方迎大风降温和雨雪 西北华北等最低温将跌破冰点\r\n进入霜降节气以来，冷空气逐渐趋于活跃。昨天，一股较强冷空气已经率先影响新疆等地，给这里带来风雪降温天气。监测显示，昨8时至今6时，新疆北部、青海东南部局地出现1～4毫米降雪或雨夹雪，新疆拜城降水量达12.2毫米。',
    author: '方中信',
    source: '中国青年报',
    timestamp: 1477565934905,
    s_img: '',
    b_img: '' } ]
[0mGET /article/list [32m200 [0m872.496 ms - 1297[0m
[0mGET /assets/css/bootstrap.css [36m304 [0m1.617 ms - -[0m
[0mGET /assets/css/myapp.css [36m304 [0m3.338 ms - -[0m
[0mGET /assets/js/jquery.js [36m304 [0m3.353 ms - -[0m
[0mGET /assets/js/bootstrap.js [36m304 [0m2.867 ms - -[0m
----- [ { _id: 5811de4c5f568909c0bd0645,
    title: '全国大部气温将创新低 重庆湖北有暴雨',
    content: '中国天气网讯 昨天（26日）开始，一股较强冷空气从新疆启程，预计受其影响，27-28日，我国大部地区将自西向东经历大风降温天气过程，并可能迎来今年下半年的气温新低，西北、华北北部、东北不少地方最低气温将跌入冰点；另外，今明天，河南、江苏、安徽及重庆、湖北等地雨势较强，重庆、湖北交界一带有暴雨，需加强防范。北方迎大风降温和雨雪 西北华北等最低温将跌破冰点\r\n进入霜降节气以来，冷空气逐渐趋于活跃。昨天，一股较强冷空气已经率先影响新疆等地，给这里带来风雪降温天气。监测显示，昨8时至今6时，新疆北部、青海东南部局地出现1～4毫米降雪或雨夹雪，新疆拜城降水量达12.2毫米。',
    author: '方中信',
    source: '中国青年报',
    timestamp: 1477565934905,
    s_img: '',
    b_img: '' },
  { _id: 5811df135f56893224569337,
    title: '全国大部气温将创新低 重庆湖北有暴雨',
    content: '中国天气网讯 昨天（26日）开始，一股较强冷空气从新疆启程，预计受其影响，27-28日，我国大部地区将自西向东经历大风降温天气过程，并可能迎来今年下半年的气温新低，西北、华北北部、东北不少地方最低气温将跌入冰点；另外，今明天，河南、江苏、安徽及重庆、湖北等地雨势较强，重庆、湖北交界一带有暴雨，需加强防范。北方迎大风降温和雨雪 西北华北等最低温将跌破冰点\r\n进入霜降节气以来，冷空气逐渐趋于活跃。昨天，一股较强冷空气已经率先影响新疆等地，给这里带来风雪降温天气。监测显示，昨8时至今6时，新疆北部、青海东南部局地出现1～4毫米降雪或雨夹雪，新疆拜城降水量达12.2毫米。',
    author: '方中信',
    source: '中国青年报',
    timestamp: 1477565934905,
    s_img: '',
    b_img: '' },
  { _id: 5811df2c5f56893224569338,
    title: '全国大部气温将创新低 重庆湖北有暴雨',
    content: '中国天气网讯 昨天（26日）开始，一股较强冷空气从新疆启程，预计受其影响，27-28日，我国大部地区将自西向东经历大风降温天气过程，并可能迎来今年下半年的气温新低，西北、华北北部、东北不少地方最低气温将跌入冰点；另外，今明天，河南、江苏、安徽及重庆、湖北等地雨势较强，重庆、湖北交界一带有暴雨，需加强防范。北方迎大风降温和雨雪 西北华北等最低温将跌破冰点\r\n进入霜降节气以来，冷空气逐渐趋于活跃。昨天，一股较强冷空气已经率先影响新疆等地，给这里带来风雪降温天气。监测显示，昨8时至今6时，新疆北部、青海东南部局地出现1～4毫米降雪或雨夹雪，新疆拜城降水量达12.2毫米。',
    author: '方中信',
    source: '中国青年报',
    timestamp: 1477565934905,
    s_img: '',
    b_img: '' },
  { _id: 5811df355f56893224569339,
    title: '全国大部气温将创新低 重庆湖北有暴雨',
    content: '中国天气网讯 昨天（26日）开始，一股较强冷空气从新疆启程，预计受其影响，27-28日，我国大部地区将自西向东经历大风降温天气过程，并可能迎来今年下半年的气温新低，西北、华北北部、东北不少地方最低气温将跌入冰点；另外，今明天，河南、江苏、安徽及重庆、湖北等地雨势较强，重庆、湖北交界一带有暴雨，需加强防范。北方迎大风降温和雨雪 西北华北等最低温将跌破冰点\r\n进入霜降节气以来，冷空气逐渐趋于活跃。昨天，一股较强冷空气已经率先影响新疆等地，给这里带来风雪降温天气。监测显示，昨8时至今6时，新疆北部、青海东南部局地出现1～4毫米降雪或雨夹雪，新疆拜城降水量达12.2毫米。',
    author: '方中信',
    source: '中国青年报',
    timestamp: 1477565934905,
    s_img: '',
    b_img: '' } ]
[0mGET /favicon.ico [36m304 [0m438.268 ms - -[0m
----- [ { _id: 5811de4c5f568909c0bd0645,
    title: '全国大部气温将创新低 重庆湖北有暴雨',
    content: '中国天气网讯 昨天（26日）开始，一股较强冷空气从新疆启程，预计受其影响，27-28日，我国大部地区将自西向东经历大风降温天气过程，并可能迎来今年下半年的气温新低，西北、华北北部、东北不少地方最低气温将跌入冰点；另外，今明天，河南、江苏、安徽及重庆、湖北等地雨势较强，重庆、湖北交界一带有暴雨，需加强防范。北方迎大风降温和雨雪 西北华北等最低温将跌破冰点\r\n进入霜降节气以来，冷空气逐渐趋于活跃。昨天，一股较强冷空气已经率先影响新疆等地，给这里带来风雪降温天气。监测显示，昨8时至今6时，新疆北部、青海东南部局地出现1～4毫米降雪或雨夹雪，新疆拜城降水量达12.2毫米。',
    author: '方中信',
    source: '中国青年报',
    timestamp: 1477565934905,
    s_img: '',
    b_img: '' },
  { _id: 5811df135f56893224569337,
    title: '全国大部气温将创新低 重庆湖北有暴雨',
    content: '中国天气网讯 昨天（26日）开始，一股较强冷空气从新疆启程，预计受其影响，27-28日，我国大部地区将自西向东经历大风降温天气过程，并可能迎来今年下半年的气温新低，西北、华北北部、东北不少地方最低气温将跌入冰点；另外，今明天，河南、江苏、安徽及重庆、湖北等地雨势较强，重庆、湖北交界一带有暴雨，需加强防范。北方迎大风降温和雨雪 西北华北等最低温将跌破冰点\r\n进入霜降节气以来，冷空气逐渐趋于活跃。昨天，一股较强冷空气已经率先影响新疆等地，给这里带来风雪降温天气。监测显示，昨8时至今6时，新疆北部、青海东南部局地出现1～4毫米降雪或雨夹雪，新疆拜城降水量达12.2毫米。',
    author: '方中信',
    source: '中国青年报',
    timestamp: 1477565934905,
    s_img: '',
    b_img: '' },
  { _id: 5811df2c5f56893224569338,
    title: '全国大部气温将创新低 重庆湖北有暴雨',
    content: '中国天气网讯 昨天（26日）开始，一股较强冷空气从新疆启程，预计受其影响，27-28日，我国大部地区将自西向东经历大风降温天气过程，并可能迎来今年下半年的气温新低，西北、华北北部、东北不少地方最低气温将跌入冰点；另外，今明天，河南、江苏、安徽及重庆、湖北等地雨势较强，重庆、湖北交界一带有暴雨，需加强防范。北方迎大风降温和雨雪 西北华北等最低温将跌破冰点\r\n进入霜降节气以来，冷空气逐渐趋于活跃。昨天，一股较强冷空气已经率先影响新疆等地，给这里带来风雪降温天气。监测显示，昨8时至今6时，新疆北部、青海东南部局地出现1～4毫米降雪或雨夹雪，新疆拜城降水量达12.2毫米。',
    author: '方中信',
    source: '中国青年报',
    timestamp: 1477565934905,
    s_img: '',
    b_img: '' },
  { _id: 5811df355f56893224569339,
    title: '全国大部气温将创新低 重庆湖北有暴雨',
    content: '中国天气网讯 昨天（26日）开始，一股较强冷空气从新疆启程，预计受其影响，27-28日，我国大部地区将自西向东经历大风降温天气过程，并可能迎来今年下半年的气温新低，西北、华北北部、东北不少地方最低气温将跌入冰点；另外，今明天，河南、江苏、安徽及重庆、湖北等地雨势较强，重庆、湖北交界一带有暴雨，需加强防范。北方迎大风降温和雨雪 西北华北等最低温将跌破冰点\r\n进入霜降节气以来，冷空气逐渐趋于活跃。昨天，一股较强冷空气已经率先影响新疆等地，给这里带来风雪降温天气。监测显示，昨8时至今6时，新疆北部、青海东南部局地出现1～4毫米降雪或雨夹雪，新疆拜城降水量达12.2毫米。',
    author: '方中信',
    source: '中国青年报',
    timestamp: 1477565934905,
    s_img: '',
    b_img: '' } ]
[0mGET /article/index [32m200 [0m877.746 ms - 1297[0m
[0mGET /assets/css/bootstrap.css [36m304 [0m1.159 ms - -[0m
[0mGET /assets/css/myapp.css [36m304 [0m5.833 ms - -[0m
[0mGET /assets/js/jquery.js [36m304 [0m3.158 ms - -[0m
[0mGET /assets/js/bootstrap.js [36m304 [0m1.210 ms - -[0m
----- [ { _id: 5811de4c5f568909c0bd0645,
    title: '全国大部气温将创新低 重庆湖北有暴雨',
    content: '中国天气网讯 昨天（26日）开始，一股较强冷空气从新疆启程，预计受其影响，27-28日，我国大部地区将自西向东经历大风降温天气过程，并可能迎来今年下半年的气温新低，西北、华北北部、东北不少地方最低气温将跌入冰点；另外，今明天，河南、江苏、安徽及重庆、湖北等地雨势较强，重庆、湖北交界一带有暴雨，需加强防范。北方迎大风降温和雨雪 西北华北等最低温将跌破冰点\r\n进入霜降节气以来，冷空气逐渐趋于活跃。昨天，一股较强冷空气已经率先影响新疆等地，给这里带来风雪降温天气。监测显示，昨8时至今6时，新疆北部、青海东南部局地出现1～4毫米降雪或雨夹雪，新疆拜城降水量达12.2毫米。',
    author: '方中信',
    source: '中国青年报',
    timestamp: 1477565934905,
    s_img: '',
    b_img: '' },
  { _id: 5811df135f56893224569337,
    title: '全国大部气温将创新低 重庆湖北有暴雨',
    content: '中国天气网讯 昨天（26日）开始，一股较强冷空气从新疆启程，预计受其影响，27-28日，我国大部地区将自西向东经历大风降温天气过程，并可能迎来今年下半年的气温新低，西北、华北北部、东北不少地方最低气温将跌入冰点；另外，今明天，河南、江苏、安徽及重庆、湖北等地雨势较强，重庆、湖北交界一带有暴雨，需加强防范。北方迎大风降温和雨雪 西北华北等最低温将跌破冰点\r\n进入霜降节气以来，冷空气逐渐趋于活跃。昨天，一股较强冷空气已经率先影响新疆等地，给这里带来风雪降温天气。监测显示，昨8时至今6时，新疆北部、青海东南部局地出现1～4毫米降雪或雨夹雪，新疆拜城降水量达12.2毫米。',
    author: '方中信',
    source: '中国青年报',
    timestamp: 1477565934905,
    s_img: '',
    b_img: '' },
  { _id: 5811df2c5f56893224569338,
    title: '全国大部气温将创新低 重庆湖北有暴雨',
    content: '中国天气网讯 昨天（26日）开始，一股较强冷空气从新疆启程，预计受其影响，27-28日，我国大部地区将自西向东经历大风降温天气过程，并可能迎来今年下半年的气温新低，西北、华北北部、东北不少地方最低气温将跌入冰点；另外，今明天，河南、江苏、安徽及重庆、湖北等地雨势较强，重庆、湖北交界一带有暴雨，需加强防范。北方迎大风降温和雨雪 西北华北等最低温将跌破冰点\r\n进入霜降节气以来，冷空气逐渐趋于活跃。昨天，一股较强冷空气已经率先影响新疆等地，给这里带来风雪降温天气。监测显示，昨8时至今6时，新疆北部、青海东南部局地出现1～4毫米降雪或雨夹雪，新疆拜城降水量达12.2毫米。',
    author: '方中信',
    source: '中国青年报',
    timestamp: 1477565934905,
    s_img: '',
    b_img: '' },
  { _id: 5811df355f56893224569339,
    title: '全国大部气温将创新低 重庆湖北有暴雨',
    content: '中国天气网讯 昨天（26日）开始，一股较强冷空气从新疆启程，预计受其影响，27-28日，我国大部地区将自西向东经历大风降温天气过程，并可能迎来今年下半年的气温新低，西北、华北北部、东北不少地方最低气温将跌入冰点；另外，今明天，河南、江苏、安徽及重庆、湖北等地雨势较强，重庆、湖北交界一带有暴雨，需加强防范。北方迎大风降温和雨雪 西北华北等最低温将跌破冰点\r\n进入霜降节气以来，冷空气逐渐趋于活跃。昨天，一股较强冷空气已经率先影响新疆等地，给这里带来风雪降温天气。监测显示，昨8时至今6时，新疆北部、青海东南部局地出现1～4毫米降雪或雨夹雪，新疆拜城降水量达12.2毫米。',
    author: '方中信',
    source: '中国青年报',
    timestamp: 1477565934905,
    s_img: '',
    b_img: '' } ]
[0mGET /favicon.ico [36m304 [0m412.729 ms - -[0m
----- [ { _id: 5811de4c5f568909c0bd0645,
    title: '全国大部气温将创新低 重庆湖北有暴雨',
    content: '中国天气网讯 昨天（26日）开始，一股较强冷空气从新疆启程，预计受其影响，27-28日，我国大部地区将自西向东经历大风降温天气过程，并可能迎来今年下半年的气温新低，西北、华北北部、东北不少地方最低气温将跌入冰点；另外，今明天，河南、江苏、安徽及重庆、湖北等地雨势较强，重庆、湖北交界一带有暴雨，需加强防范。北方迎大风降温和雨雪 西北华北等最低温将跌破冰点\r\n进入霜降节气以来，冷空气逐渐趋于活跃。昨天，一股较强冷空气已经率先影响新疆等地，给这里带来风雪降温天气。监测显示，昨8时至今6时，新疆北部、青海东南部局地出现1～4毫米降雪或雨夹雪，新疆拜城降水量达12.2毫米。',
    author: '方中信',
    source: '中国青年报',
    timestamp: 1477565934905,
    s_img: '',
    b_img: '' },
  { _id: 5811df135f56893224569337,
    title: '全国大部气温将创新低 重庆湖北有暴雨',
    content: '中国天气网讯 昨天（26日）开始，一股较强冷空气从新疆启程，预计受其影响，27-28日，我国大部地区将自西向东经历大风降温天气过程，并可能迎来今年下半年的气温新低，西北、华北北部、东北不少地方最低气温将跌入冰点；另外，今明天，河南、江苏、安徽及重庆、湖北等地雨势较强，重庆、湖北交界一带有暴雨，需加强防范。北方迎大风降温和雨雪 西北华北等最低温将跌破冰点\r\n进入霜降节气以来，冷空气逐渐趋于活跃。昨天，一股较强冷空气已经率先影响新疆等地，给这里带来风雪降温天气。监测显示，昨8时至今6时，新疆北部、青海东南部局地出现1～4毫米降雪或雨夹雪，新疆拜城降水量达12.2毫米。',
    author: '方中信',
    source: '中国青年报',
    timestamp: 1477565934905,
    s_img: '',
    b_img: '' },
  { _id: 5811df2c5f56893224569338,
    title: '全国大部气温将创新低 重庆湖北有暴雨',
    content: '中国天气网讯 昨天（26日）开始，一股较强冷空气从新疆启程，预计受其影响，27-28日，我国大部地区将自西向东经历大风降温天气过程，并可能迎来今年下半年的气温新低，西北、华北北部、东北不少地方最低气温将跌入冰点；另外，今明天，河南、江苏、安徽及重庆、湖北等地雨势较强，重庆、湖北交界一带有暴雨，需加强防范。北方迎大风降温和雨雪 西北华北等最低温将跌破冰点\r\n进入霜降节气以来，冷空气逐渐趋于活跃。昨天，一股较强冷空气已经率先影响新疆等地，给这里带来风雪降温天气。监测显示，昨8时至今6时，新疆北部、青海东南部局地出现1～4毫米降雪或雨夹雪，新疆拜城降水量达12.2毫米。',
    author: '方中信',
    source: '中国青年报',
    timestamp: 1477565934905,
    s_img: '',
    b_img: '' },
  { _id: 5811df355f56893224569339,
    title: '全国大部气温将创新低 重庆湖北有暴雨',
    content: '中国天气网讯 昨天（26日）开始，一股较强冷空气从新疆启程，预计受其影响，27-28日，我国大部地区将自西向东经历大风降温天气过程，并可能迎来今年下半年的气温新低，西北、华北北部、东北不少地方最低气温将跌入冰点；另外，今明天，河南、江苏、安徽及重庆、湖北等地雨势较强，重庆、湖北交界一带有暴雨，需加强防范。北方迎大风降温和雨雪 西北华北等最低温将跌破冰点\r\n进入霜降节气以来，冷空气逐渐趋于活跃。昨天，一股较强冷空气已经率先影响新疆等地，给这里带来风雪降温天气。监测显示，昨8时至今6时，新疆北部、青海东南部局地出现1～4毫米降雪或雨夹雪，新疆拜城降水量达12.2毫米。',
    author: '方中信',
    source: '中国青年报',
    timestamp: 1477565934905,
    s_img: '',
    b_img: '' } ]
[0mGET /member/index [36m304 [0m463.899 ms - -[0m
[0mGET /assets/css/bootstrap.css [36m304 [0m1.714 ms - -[0m
[0mGET /assets/css/myapp.css [36m304 [0m0.464 ms - -[0m
[0mGET /assets/js/jquery.js [36m304 [0m0.469 ms - -[0m
[0mGET /assets/js/bootstrap.js [36m304 [0m1.718 ms - -[0m
----- [ { _id: 5811de4c5f568909c0bd0645,
    title: '全国大部气温将创新低 重庆湖北有暴雨',
    content: '中国天气网讯 昨天（26日）开始，一股较强冷空气从新疆启程，预计受其影响，27-28日，我国大部地区将自西向东经历大风降温天气过程，并可能迎来今年下半年的气温新低，西北、华北北部、东北不少地方最低气温将跌入冰点；另外，今明天，河南、江苏、安徽及重庆、湖北等地雨势较强，重庆、湖北交界一带有暴雨，需加强防范。北方迎大风降温和雨雪 西北华北等最低温将跌破冰点\r\n进入霜降节气以来，冷空气逐渐趋于活跃。昨天，一股较强冷空气已经率先影响新疆等地，给这里带来风雪降温天气。监测显示，昨8时至今6时，新疆北部、青海东南部局地出现1～4毫米降雪或雨夹雪，新疆拜城降水量达12.2毫米。',
    author: '方中信',
    source: '中国青年报',
    timestamp: 1477565934905,
    s_img: '',
    b_img: '' },
  { _id: 5811df135f56893224569337,
    title: '全国大部气温将创新低 重庆湖北有暴雨',
    content: '中国天气网讯 昨天（26日）开始，一股较强冷空气从新疆启程，预计受其影响，27-28日，我国大部地区将自西向东经历大风降温天气过程，并可能迎来今年下半年的气温新低，西北、华北北部、东北不少地方最低气温将跌入冰点；另外，今明天，河南、江苏、安徽及重庆、湖北等地雨势较强，重庆、湖北交界一带有暴雨，需加强防范。北方迎大风降温和雨雪 西北华北等最低温将跌破冰点\r\n进入霜降节气以来，冷空气逐渐趋于活跃。昨天，一股较强冷空气已经率先影响新疆等地，给这里带来风雪降温天气。监测显示，昨8时至今6时，新疆北部、青海东南部局地出现1～4毫米降雪或雨夹雪，新疆拜城降水量达12.2毫米。',
    author: '方中信',
    source: '中国青年报',
    timestamp: 1477565934905,
    s_img: '',
    b_img: '' },
  { _id: 5811df2c5f56893224569338,
    title: '全国大部气温将创新低 重庆湖北有暴雨',
    content: '中国天气网讯 昨天（26日）开始，一股较强冷空气从新疆启程，预计受其影响，27-28日，我国大部地区将自西向东经历大风降温天气过程，并可能迎来今年下半年的气温新低，西北、华北北部、东北不少地方最低气温将跌入冰点；另外，今明天，河南、江苏、安徽及重庆、湖北等地雨势较强，重庆、湖北交界一带有暴雨，需加强防范。北方迎大风降温和雨雪 西北华北等最低温将跌破冰点\r\n进入霜降节气以来，冷空气逐渐趋于活跃。昨天，一股较强冷空气已经率先影响新疆等地，给这里带来风雪降温天气。监测显示，昨8时至今6时，新疆北部、青海东南部局地出现1～4毫米降雪或雨夹雪，新疆拜城降水量达12.2毫米。',
    author: '方中信',
    source: '中国青年报',
    timestamp: 1477565934905,
    s_img: '',
    b_img: '' },
  { _id: 5811df355f56893224569339,
    title: '全国大部气温将创新低 重庆湖北有暴雨',
    content: '中国天气网讯 昨天（26日）开始，一股较强冷空气从新疆启程，预计受其影响，27-28日，我国大部地区将自西向东经历大风降温天气过程，并可能迎来今年下半年的气温新低，西北、华北北部、东北不少地方最低气温将跌入冰点；另外，今明天，河南、江苏、安徽及重庆、湖北等地雨势较强，重庆、湖北交界一带有暴雨，需加强防范。北方迎大风降温和雨雪 西北华北等最低温将跌破冰点\r\n进入霜降节气以来，冷空气逐渐趋于活跃。昨天，一股较强冷空气已经率先影响新疆等地，给这里带来风雪降温天气。监测显示，昨8时至今6时，新疆北部、青海东南部局地出现1～4毫米降雪或雨夹雪，新疆拜城降水量达12.2毫米。',
    author: '方中信',
    source: '中国青年报',
    timestamp: 1477565934905,
    s_img: '',
    b_img: '' } ]
[0mGET /favicon.ico [36m304 [0m336.663 ms - -[0m
----- [ { _id: 5811de4c5f568909c0bd0645,
    title: '全国大部气温将创新低 重庆湖北有暴雨',
    content: '中国天气网讯 昨天（26日）开始，一股较强冷空气从新疆启程，预计受其影响，27-28日，我国大部地区将自西向东经历大风降温天气过程，并可能迎来今年下半年的气温新低，西北、华北北部、东北不少地方最低气温将跌入冰点；另外，今明天，河南、江苏、安徽及重庆、湖北等地雨势较强，重庆、湖北交界一带有暴雨，需加强防范。北方迎大风降温和雨雪 西北华北等最低温将跌破冰点\r\n进入霜降节气以来，冷空气逐渐趋于活跃。昨天，一股较强冷空气已经率先影响新疆等地，给这里带来风雪降温天气。监测显示，昨8时至今6时，新疆北部、青海东南部局地出现1～4毫米降雪或雨夹雪，新疆拜城降水量达12.2毫米。',
    author: '方中信',
    source: '中国青年报',
    timestamp: 1477565934905,
    s_img: '',
    b_img: '' },
  { _id: 5811df135f56893224569337,
    title: '全国大部气温将创新低 重庆湖北有暴雨',
    content: '中国天气网讯 昨天（26日）开始，一股较强冷空气从新疆启程，预计受其影响，27-28日，我国大部地区将自西向东经历大风降温天气过程，并可能迎来今年下半年的气温新低，西北、华北北部、东北不少地方最低气温将跌入冰点；另外，今明天，河南、江苏、安徽及重庆、湖北等地雨势较强，重庆、湖北交界一带有暴雨，需加强防范。北方迎大风降温和雨雪 西北华北等最低温将跌破冰点\r\n进入霜降节气以来，冷空气逐渐趋于活跃。昨天，一股较强冷空气已经率先影响新疆等地，给这里带来风雪降温天气。监测显示，昨8时至今6时，新疆北部、青海东南部局地出现1～4毫米降雪或雨夹雪，新疆拜城降水量达12.2毫米。',
    author: '方中信',
    source: '中国青年报',
    timestamp: 1477565934905,
    s_img: '',
    b_img: '' },
  { _id: 5811df2c5f56893224569338,
    title: '全国大部气温将创新低 重庆湖北有暴雨',
    content: '中国天气网讯 昨天（26日）开始，一股较强冷空气从新疆启程，预计受其影响，27-28日，我国大部地区将自西向东经历大风降温天气过程，并可能迎来今年下半年的气温新低，西北、华北北部、东北不少地方最低气温将跌入冰点；另外，今明天，河南、江苏、安徽及重庆、湖北等地雨势较强，重庆、湖北交界一带有暴雨，需加强防范。北方迎大风降温和雨雪 西北华北等最低温将跌破冰点\r\n进入霜降节气以来，冷空气逐渐趋于活跃。昨天，一股较强冷空气已经率先影响新疆等地，给这里带来风雪降温天气。监测显示，昨8时至今6时，新疆北部、青海东南部局地出现1～4毫米降雪或雨夹雪，新疆拜城降水量达12.2毫米。',
    author: '方中信',
    source: '中国青年报',
    timestamp: 1477565934905,
    s_img: '',
    b_img: '' },
  { _id: 5811df355f56893224569339,
    title: '全国大部气温将创新低 重庆湖北有暴雨',
    content: '中国天气网讯 昨天（26日）开始，一股较强冷空气从新疆启程，预计受其影响，27-28日，我国大部地区将自西向东经历大风降温天气过程，并可能迎来今年下半年的气温新低，西北、华北北部、东北不少地方最低气温将跌入冰点；另外，今明天，河南、江苏、安徽及重庆、湖北等地雨势较强，重庆、湖北交界一带有暴雨，需加强防范。北方迎大风降温和雨雪 西北华北等最低温将跌破冰点\r\n进入霜降节气以来，冷空气逐渐趋于活跃。昨天，一股较强冷空气已经率先影响新疆等地，给这里带来风雪降温天气。监测显示，昨8时至今6时，新疆北部、青海东南部局地出现1～4毫米降雪或雨夹雪，新疆拜城降水量达12.2毫米。',
    author: '方中信',
    source: '中国青年报',
    timestamp: 1477565934905,
    s_img: '',
    b_img: '' } ]
[0mGET /comment/index [36m304 [0m328.461 ms - -[0m
[0mGET /assets/css/bootstrap.css [36m304 [0m2.108 ms - -[0m
[0mGET /assets/css/myapp.css [36m304 [0m5.140 ms - -[0m
[0mGET /assets/js/jquery.js [36m304 [0m2.264 ms - -[0m
[0mGET /assets/js/bootstrap.js [36m304 [0m4.050 ms - -[0m
----- [ { _id: 5811de4c5f568909c0bd0645,
    title: '全国大部气温将创新低 重庆湖北有暴雨',
    content: '中国天气网讯 昨天（26日）开始，一股较强冷空气从新疆启程，预计受其影响，27-28日，我国大部地区将自西向东经历大风降温天气过程，并可能迎来今年下半年的气温新低，西北、华北北部、东北不少地方最低气温将跌入冰点；另外，今明天，河南、江苏、安徽及重庆、湖北等地雨势较强，重庆、湖北交界一带有暴雨，需加强防范。北方迎大风降温和雨雪 西北华北等最低温将跌破冰点\r\n进入霜降节气以来，冷空气逐渐趋于活跃。昨天，一股较强冷空气已经率先影响新疆等地，给这里带来风雪降温天气。监测显示，昨8时至今6时，新疆北部、青海东南部局地出现1～4毫米降雪或雨夹雪，新疆拜城降水量达12.2毫米。',
    author: '方中信',
    source: '中国青年报',
    timestamp: 1477565934905,
    s_img: '',
    b_img: '' },
  { _id: 5811df135f56893224569337,
    title: '全国大部气温将创新低 重庆湖北有暴雨',
    content: '中国天气网讯 昨天（26日）开始，一股较强冷空气从新疆启程，预计受其影响，27-28日，我国大部地区将自西向东经历大风降温天气过程，并可能迎来今年下半年的气温新低，西北、华北北部、东北不少地方最低气温将跌入冰点；另外，今明天，河南、江苏、安徽及重庆、湖北等地雨势较强，重庆、湖北交界一带有暴雨，需加强防范。北方迎大风降温和雨雪 西北华北等最低温将跌破冰点\r\n进入霜降节气以来，冷空气逐渐趋于活跃。昨天，一股较强冷空气已经率先影响新疆等地，给这里带来风雪降温天气。监测显示，昨8时至今6时，新疆北部、青海东南部局地出现1～4毫米降雪或雨夹雪，新疆拜城降水量达12.2毫米。',
    author: '方中信',
    source: '中国青年报',
    timestamp: 1477565934905,
    s_img: '',
    b_img: '' },
  { _id: 5811df2c5f56893224569338,
    title: '全国大部气温将创新低 重庆湖北有暴雨',
    content: '中国天气网讯 昨天（26日）开始，一股较强冷空气从新疆启程，预计受其影响，27-28日，我国大部地区将自西向东经历大风降温天气过程，并可能迎来今年下半年的气温新低，西北、华北北部、东北不少地方最低气温将跌入冰点；另外，今明天，河南、江苏、安徽及重庆、湖北等地雨势较强，重庆、湖北交界一带有暴雨，需加强防范。北方迎大风降温和雨雪 西北华北等最低温将跌破冰点\r\n进入霜降节气以来，冷空气逐渐趋于活跃。昨天，一股较强冷空气已经率先影响新疆等地，给这里带来风雪降温天气。监测显示，昨8时至今6时，新疆北部、青海东南部局地出现1～4毫米降雪或雨夹雪，新疆拜城降水量达12.2毫米。',
    author: '方中信',
    source: '中国青年报',
    timestamp: 1477565934905,
    s_img: '',
    b_img: '' },
  { _id: 5811df355f56893224569339,
    title: '全国大部气温将创新低 重庆湖北有暴雨',
    content: '中国天气网讯 昨天（26日）开始，一股较强冷空气从新疆启程，预计受其影响，27-28日，我国大部地区将自西向东经历大风降温天气过程，并可能迎来今年下半年的气温新低，西北、华北北部、东北不少地方最低气温将跌入冰点；另外，今明天，河南、江苏、安徽及重庆、湖北等地雨势较强，重庆、湖北交界一带有暴雨，需加强防范。北方迎大风降温和雨雪 西北华北等最低温将跌破冰点\r\n进入霜降节气以来，冷空气逐渐趋于活跃。昨天，一股较强冷空气已经率先影响新疆等地，给这里带来风雪降温天气。监测显示，昨8时至今6时，新疆北部、青海东南部局地出现1～4毫米降雪或雨夹雪，新疆拜城降水量达12.2毫米。',
    author: '方中信',
    source: '中国青年报',
    timestamp: 1477565934905,
    s_img: '',
    b_img: '' } ]
[0mGET /favicon.ico [36m304 [0m870.736 ms - -[0m
----- [ { _id: 5811de4c5f568909c0bd0645,
    title: '全国大部气温将创新低 重庆湖北有暴雨',
    content: '中国天气网讯 昨天（26日）开始，一股较强冷空气从新疆启程，预计受其影响，27-28日，我国大部地区将自西向东经历大风降温天气过程，并可能迎来今年下半年的气温新低，西北、华北北部、东北不少地方最低气温将跌入冰点；另外，今明天，河南、江苏、安徽及重庆、湖北等地雨势较强，重庆、湖北交界一带有暴雨，需加强防范。北方迎大风降温和雨雪 西北华北等最低温将跌破冰点\r\n进入霜降节气以来，冷空气逐渐趋于活跃。昨天，一股较强冷空气已经率先影响新疆等地，给这里带来风雪降温天气。监测显示，昨8时至今6时，新疆北部、青海东南部局地出现1～4毫米降雪或雨夹雪，新疆拜城降水量达12.2毫米。',
    author: '方中信',
    source: '中国青年报',
    timestamp: 1477565934905,
    s_img: '',
    b_img: '' },
  { _id: 5811df135f56893224569337,
    title: '全国大部气温将创新低 重庆湖北有暴雨',
    content: '中国天气网讯 昨天（26日）开始，一股较强冷空气从新疆启程，预计受其影响，27-28日，我国大部地区将自西向东经历大风降温天气过程，并可能迎来今年下半年的气温新低，西北、华北北部、东北不少地方最低气温将跌入冰点；另外，今明天，河南、江苏、安徽及重庆、湖北等地雨势较强，重庆、湖北交界一带有暴雨，需加强防范。北方迎大风降温和雨雪 西北华北等最低温将跌破冰点\r\n进入霜降节气以来，冷空气逐渐趋于活跃。昨天，一股较强冷空气已经率先影响新疆等地，给这里带来风雪降温天气。监测显示，昨8时至今6时，新疆北部、青海东南部局地出现1～4毫米降雪或雨夹雪，新疆拜城降水量达12.2毫米。',
    author: '方中信',
    source: '中国青年报',
    timestamp: 1477565934905,
    s_img: '',
    b_img: '' },
  { _id: 5811df2c5f56893224569338,
    title: '全国大部气温将创新低 重庆湖北有暴雨',
    content: '中国天气网讯 昨天（26日）开始，一股较强冷空气从新疆启程，预计受其影响，27-28日，我国大部地区将自西向东经历大风降温天气过程，并可能迎来今年下半年的气温新低，西北、华北北部、东北不少地方最低气温将跌入冰点；另外，今明天，河南、江苏、安徽及重庆、湖北等地雨势较强，重庆、湖北交界一带有暴雨，需加强防范。北方迎大风降温和雨雪 西北华北等最低温将跌破冰点\r\n进入霜降节气以来，冷空气逐渐趋于活跃。昨天，一股较强冷空气已经率先影响新疆等地，给这里带来风雪降温天气。监测显示，昨8时至今6时，新疆北部、青海东南部局地出现1～4毫米降雪或雨夹雪，新疆拜城降水量达12.2毫米。',
    author: '方中信',
    source: '中国青年报',
    timestamp: 1477565934905,
    s_img: '',
    b_img: '' },
  { _id: 5811df355f56893224569339,
    title: '全国大部气温将创新低 重庆湖北有暴雨',
    content: '中国天气网讯 昨天（26日）开始，一股较强冷空气从新疆启程，预计受其影响，27-28日，我国大部地区将自西向东经历大风降温天气过程，并可能迎来今年下半年的气温新低，西北、华北北部、东北不少地方最低气温将跌入冰点；另外，今明天，河南、江苏、安徽及重庆、湖北等地雨势较强，重庆、湖北交界一带有暴雨，需加强防范。北方迎大风降温和雨雪 西北华北等最低温将跌破冰点\r\n进入霜降节气以来，冷空气逐渐趋于活跃。昨天，一股较强冷空气已经率先影响新疆等地，给这里带来风雪降温天气。监测显示，昨8时至今6时，新疆北部、青海东南部局地出现1～4毫米降雪或雨夹雪，新疆拜城降水量达12.2毫米。',
    author: '方中信',
    source: '中国青年报',
    timestamp: 1477565934905,
    s_img: '',
    b_img: '' } ]
[0mGET /member/index [36m304 [0m365.826 ms - -[0m
[0mGET /assets/css/bootstrap.css [36m304 [0m2.142 ms - -[0m
[0mGET /assets/css/myapp.css [36m304 [0m1.929 ms - -[0m
[0mGET /assets/js/jquery.js [36m304 [0m2.905 ms - -[0m
[0mGET /assets/js/bootstrap.js [36m304 [0m2.452 ms - -[0m
----- [ { _id: 5811de4c5f568909c0bd0645,
    title: '全国大部气温将创新低 重庆湖北有暴雨',
    content: '中国天气网讯 昨天（26日）开始，一股较强冷空气从新疆启程，预计受其影响，27-28日，我国大部地区将自西向东经历大风降温天气过程，并可能迎来今年下半年的气温新低，西北、华北北部、东北不少地方最低气温将跌入冰点；另外，今明天，河南、江苏、安徽及重庆、湖北等地雨势较强，重庆、湖北交界一带有暴雨，需加强防范。北方迎大风降温和雨雪 西北华北等最低温将跌破冰点\r\n进入霜降节气以来，冷空气逐渐趋于活跃。昨天，一股较强冷空气已经率先影响新疆等地，给这里带来风雪降温天气。监测显示，昨8时至今6时，新疆北部、青海东南部局地出现1～4毫米降雪或雨夹雪，新疆拜城降水量达12.2毫米。',
    author: '方中信',
    source: '中国青年报',
    timestamp: 1477565934905,
    s_img: '',
    b_img: '' },
  { _id: 5811df135f56893224569337,
    title: '全国大部气温将创新低 重庆湖北有暴雨',
    content: '中国天气网讯 昨天（26日）开始，一股较强冷空气从新疆启程，预计受其影响，27-28日，我国大部地区将自西向东经历大风降温天气过程，并可能迎来今年下半年的气温新低，西北、华北北部、东北不少地方最低气温将跌入冰点；另外，今明天，河南、江苏、安徽及重庆、湖北等地雨势较强，重庆、湖北交界一带有暴雨，需加强防范。北方迎大风降温和雨雪 西北华北等最低温将跌破冰点\r\n进入霜降节气以来，冷空气逐渐趋于活跃。昨天，一股较强冷空气已经率先影响新疆等地，给这里带来风雪降温天气。监测显示，昨8时至今6时，新疆北部、青海东南部局地出现1～4毫米降雪或雨夹雪，新疆拜城降水量达12.2毫米。',
    author: '方中信',
    source: '中国青年报',
    timestamp: 1477565934905,
    s_img: '',
    b_img: '' },
  { _id: 5811df2c5f56893224569338,
    title: '全国大部气温将创新低 重庆湖北有暴雨',
    content: '中国天气网讯 昨天（26日）开始，一股较强冷空气从新疆启程，预计受其影响，27-28日，我国大部地区将自西向东经历大风降温天气过程，并可能迎来今年下半年的气温新低，西北、华北北部、东北不少地方最低气温将跌入冰点；另外，今明天，河南、江苏、安徽及重庆、湖北等地雨势较强，重庆、湖北交界一带有暴雨，需加强防范。北方迎大风降温和雨雪 西北华北等最低温将跌破冰点\r\n进入霜降节气以来，冷空气逐渐趋于活跃。昨天，一股较强冷空气已经率先影响新疆等地，给这里带来风雪降温天气。监测显示，昨8时至今6时，新疆北部、青海东南部局地出现1～4毫米降雪或雨夹雪，新疆拜城降水量达12.2毫米。',
    author: '方中信',
    source: '中国青年报',
    timestamp: 1477565934905,
    s_img: '',
    b_img: '' },
  { _id: 5811df355f56893224569339,
    title: '全国大部气温将创新低 重庆湖北有暴雨',
    content: '中国天气网讯 昨天（26日）开始，一股较强冷空气从新疆启程，预计受其影响，27-28日，我国大部地区将自西向东经历大风降温天气过程，并可能迎来今年下半年的气温新低，西北、华北北部、东北不少地方最低气温将跌入冰点；另外，今明天，河南、江苏、安徽及重庆、湖北等地雨势较强，重庆、湖北交界一带有暴雨，需加强防范。北方迎大风降温和雨雪 西北华北等最低温将跌破冰点\r\n进入霜降节气以来，冷空气逐渐趋于活跃。昨天，一股较强冷空气已经率先影响新疆等地，给这里带来风雪降温天气。监测显示，昨8时至今6时，新疆北部、青海东南部局地出现1～4毫米降雪或雨夹雪，新疆拜城降水量达12.2毫米。',
    author: '方中信',
    source: '中国青年报',
    timestamp: 1477565934905,
    s_img: '',
    b_img: '' } ]
[0mGET /favicon.ico [36m304 [0m407.410 ms - -[0m
----- [ { _id: 5811de4c5f568909c0bd0645,
    title: '全国大部气温将创新低 重庆湖北有暴雨',
    content: '中国天气网讯 昨天（26日）开始，一股较强冷空气从新疆启程，预计受其影响，27-28日，我国大部地区将自西向东经历大风降温天气过程，并可能迎来今年下半年的气温新低，西北、华北北部、东北不少地方最低气温将跌入冰点；另外，今明天，河南、江苏、安徽及重庆、湖北等地雨势较强，重庆、湖北交界一带有暴雨，需加强防范。北方迎大风降温和雨雪 西北华北等最低温将跌破冰点\r\n进入霜降节气以来，冷空气逐渐趋于活跃。昨天，一股较强冷空气已经率先影响新疆等地，给这里带来风雪降温天气。监测显示，昨8时至今6时，新疆北部、青海东南部局地出现1～4毫米降雪或雨夹雪，新疆拜城降水量达12.2毫米。',
    author: '方中信',
    source: '中国青年报',
    timestamp: 1477565934905,
    s_img: '',
    b_img: '' },
  { _id: 5811df135f56893224569337,
    title: '全国大部气温将创新低 重庆湖北有暴雨',
    content: '中国天气网讯 昨天（26日）开始，一股较强冷空气从新疆启程，预计受其影响，27-28日，我国大部地区将自西向东经历大风降温天气过程，并可能迎来今年下半年的气温新低，西北、华北北部、东北不少地方最低气温将跌入冰点；另外，今明天，河南、江苏、安徽及重庆、湖北等地雨势较强，重庆、湖北交界一带有暴雨，需加强防范。北方迎大风降温和雨雪 西北华北等最低温将跌破冰点\r\n进入霜降节气以来，冷空气逐渐趋于活跃。昨天，一股较强冷空气已经率先影响新疆等地，给这里带来风雪降温天气。监测显示，昨8时至今6时，新疆北部、青海东南部局地出现1～4毫米降雪或雨夹雪，新疆拜城降水量达12.2毫米。',
    author: '方中信',
    source: '中国青年报',
    timestamp: 1477565934905,
    s_img: '',
    b_img: '' },
  { _id: 5811df2c5f56893224569338,
    title: '全国大部气温将创新低 重庆湖北有暴雨',
    content: '中国天气网讯 昨天（26日）开始，一股较强冷空气从新疆启程，预计受其影响，27-28日，我国大部地区将自西向东经历大风降温天气过程，并可能迎来今年下半年的气温新低，西北、华北北部、东北不少地方最低气温将跌入冰点；另外，今明天，河南、江苏、安徽及重庆、湖北等地雨势较强，重庆、湖北交界一带有暴雨，需加强防范。北方迎大风降温和雨雪 西北华北等最低温将跌破冰点\r\n进入霜降节气以来，冷空气逐渐趋于活跃。昨天，一股较强冷空气已经率先影响新疆等地，给这里带来风雪降温天气。监测显示，昨8时至今6时，新疆北部、青海东南部局地出现1～4毫米降雪或雨夹雪，新疆拜城降水量达12.2毫米。',
    author: '方中信',
    source: '中国青年报',
    timestamp: 1477565934905,
    s_img: '',
    b_img: '' },
  { _id: 5811df355f56893224569339,
    title: '全国大部气温将创新低 重庆湖北有暴雨',
    content: '中国天气网讯 昨天（26日）开始，一股较强冷空气从新疆启程，预计受其影响，27-28日，我国大部地区将自西向东经历大风降温天气过程，并可能迎来今年下半年的气温新低，西北、华北北部、东北不少地方最低气温将跌入冰点；另外，今明天，河南、江苏、安徽及重庆、湖北等地雨势较强，重庆、湖北交界一带有暴雨，需加强防范。北方迎大风降温和雨雪 西北华北等最低温将跌破冰点\r\n进入霜降节气以来，冷空气逐渐趋于活跃。昨天，一股较强冷空气已经率先影响新疆等地，给这里带来风雪降温天气。监测显示，昨8时至今6时，新疆北部、青海东南部局地出现1～4毫米降雪或雨夹雪，新疆拜城降水量达12.2毫米。',
    author: '方中信',
    source: '中国青年报',
    timestamp: 1477565934905,
    s_img: '',
    b_img: '' } ]
[0mGET / [36m304 [0m4777.843 ms - -[0m
[0mGET /assets/css/bootstrap.css [36m304 [0m3.522 ms - -[0m
[0mGET /assets/css/myapp.css [36m304 [0m4.093 ms - -[0m
[0mGET /assets/js/jquery.js [36m304 [0m4.312 ms - -[0m
[0mGET /assets/js/bootstrap.js [36m304 [0m3.419 ms - -[0m
[0mGET /favicon.ico [33m404 [0m81.729 ms - 1955[0m
----- [ { _id: 5811de4c5f568909c0bd0645,
    title: '全国大部气温将创新低 重庆湖北有暴雨',
    content: '中国天气网讯 昨天（26日）开始，一股较强冷空气从新疆启程，预计受其影响，27-28日，我国大部地区将自西向东经历大风降温天气过程，并可能迎来今年下半年的气温新低，西北、华北北部、东北不少地方最低气温将跌入冰点；另外，今明天，河南、江苏、安徽及重庆、湖北等地雨势较强，重庆、湖北交界一带有暴雨，需加强防范。北方迎大风降温和雨雪 西北华北等最低温将跌破冰点\r\n进入霜降节气以来，冷空气逐渐趋于活跃。昨天，一股较强冷空气已经率先影响新疆等地，给这里带来风雪降温天气。监测显示，昨8时至今6时，新疆北部、青海东南部局地出现1～4毫米降雪或雨夹雪，新疆拜城降水量达12.2毫米。',
    author: '方中信',
    source: '中国青年报',
    timestamp: 1477565934905,
    s_img: '',
    b_img: '' },
  { _id: 5811df135f56893224569337,
    title: '全国大部气温将创新低 重庆湖北有暴雨',
    content: '中国天气网讯 昨天（26日）开始，一股较强冷空气从新疆启程，预计受其影响，27-28日，我国大部地区将自西向东经历大风降温天气过程，并可能迎来今年下半年的气温新低，西北、华北北部、东北不少地方最低气温将跌入冰点；另外，今明天，河南、江苏、安徽及重庆、湖北等地雨势较强，重庆、湖北交界一带有暴雨，需加强防范。北方迎大风降温和雨雪 西北华北等最低温将跌破冰点\r\n进入霜降节气以来，冷空气逐渐趋于活跃。昨天，一股较强冷空气已经率先影响新疆等地，给这里带来风雪降温天气。监测显示，昨8时至今6时，新疆北部、青海东南部局地出现1～4毫米降雪或雨夹雪，新疆拜城降水量达12.2毫米。',
    author: '方中信',
    source: '中国青年报',
    timestamp: 1477565934905,
    s_img: '',
    b_img: '' },
  { _id: 5811df2c5f56893224569338,
    title: '全国大部气温将创新低 重庆湖北有暴雨',
    content: '中国天气网讯 昨天（26日）开始，一股较强冷空气从新疆启程，预计受其影响，27-28日，我国大部地区将自西向东经历大风降温天气过程，并可能迎来今年下半年的气温新低，西北、华北北部、东北不少地方最低气温将跌入冰点；另外，今明天，河南、江苏、安徽及重庆、湖北等地雨势较强，重庆、湖北交界一带有暴雨，需加强防范。北方迎大风降温和雨雪 西北华北等最低温将跌破冰点\r\n进入霜降节气以来，冷空气逐渐趋于活跃。昨天，一股较强冷空气已经率先影响新疆等地，给这里带来风雪降温天气。监测显示，昨8时至今6时，新疆北部、青海东南部局地出现1～4毫米降雪或雨夹雪，新疆拜城降水量达12.2毫米。',
    author: '方中信',
    source: '中国青年报',
    timestamp: 1477565934905,
    s_img: '',
    b_img: '' },
  { _id: 5811df355f56893224569339,
    title: '全国大部气温将创新低 重庆湖北有暴雨',
    content: '中国天气网讯 昨天（26日）开始，一股较强冷空气从新疆启程，预计受其影响，27-28日，我国大部地区将自西向东经历大风降温天气过程，并可能迎来今年下半年的气温新低，西北、华北北部、东北不少地方最低气温将跌入冰点；另外，今明天，河南、江苏、安徽及重庆、湖北等地雨势较强，重庆、湖北交界一带有暴雨，需加强防范。北方迎大风降温和雨雪 西北华北等最低温将跌破冰点\r\n进入霜降节气以来，冷空气逐渐趋于活跃。昨天，一股较强冷空气已经率先影响新疆等地，给这里带来风雪降温天气。监测显示，昨8时至今6时，新疆北部、青海东南部局地出现1～4毫米降雪或雨夹雪，新疆拜城降水量达12.2毫米。',
    author: '方中信',
    source: '中国青年报',
    timestamp: 1477565934905,
    s_img: '',
    b_img: '' } ]
[0mGET / [36m304 [0m237.941 ms - -[0m
[0mGET /assets/css/bootstrap.css [36m304 [0m2.695 ms - -[0m
[0mGET /assets/css/myapp.css [36m304 [0m4.695 ms - -[0m
[0mGET /assets/js/jquery.js [36m304 [0m2.315 ms - -[0m
[0mGET /assets/js/bootstrap.js [36m304 [0m3.207 ms - -[0m
----- [ { _id: 5811de4c5f568909c0bd0645,
    title: '全国大部气温将创新低 重庆湖北有暴雨',
    content: '中国天气网讯 昨天（26日）开始，一股较强冷空气从新疆启程，预计受其影响，27-28日，我国大部地区将自西向东经历大风降温天气过程，并可能迎来今年下半年的气温新低，西北、华北北部、东北不少地方最低气温将跌入冰点；另外，今明天，河南、江苏、安徽及重庆、湖北等地雨势较强，重庆、湖北交界一带有暴雨，需加强防范。北方迎大风降温和雨雪 西北华北等最低温将跌破冰点\r\n进入霜降节气以来，冷空气逐渐趋于活跃。昨天，一股较强冷空气已经率先影响新疆等地，给这里带来风雪降温天气。监测显示，昨8时至今6时，新疆北部、青海东南部局地出现1～4毫米降雪或雨夹雪，新疆拜城降水量达12.2毫米。',
    author: '方中信',
    source: '中国青年报',
    timestamp: 1477565934905,
    s_img: '',
    b_img: '' },
  { _id: 5811df135f56893224569337,
    title: '全国大部气温将创新低 重庆湖北有暴雨',
    content: '中国天气网讯 昨天（26日）开始，一股较强冷空气从新疆启程，预计受其影响，27-28日，我国大部地区将自西向东经历大风降温天气过程，并可能迎来今年下半年的气温新低，西北、华北北部、东北不少地方最低气温将跌入冰点；另外，今明天，河南、江苏、安徽及重庆、湖北等地雨势较强，重庆、湖北交界一带有暴雨，需加强防范。北方迎大风降温和雨雪 西北华北等最低温将跌破冰点\r\n进入霜降节气以来，冷空气逐渐趋于活跃。昨天，一股较强冷空气已经率先影响新疆等地，给这里带来风雪降温天气。监测显示，昨8时至今6时，新疆北部、青海东南部局地出现1～4毫米降雪或雨夹雪，新疆拜城降水量达12.2毫米。',
    author: '方中信',
    source: '中国青年报',
    timestamp: 1477565934905,
    s_img: '',
    b_img: '' },
  { _id: 5811df2c5f56893224569338,
    title: '全国大部气温将创新低 重庆湖北有暴雨',
    content: '中国天气网讯 昨天（26日）开始，一股较强冷空气从新疆启程，预计受其影响，27-28日，我国大部地区将自西向东经历大风降温天气过程，并可能迎来今年下半年的气温新低，西北、华北北部、东北不少地方最低气温将跌入冰点；另外，今明天，河南、江苏、安徽及重庆、湖北等地雨势较强，重庆、湖北交界一带有暴雨，需加强防范。北方迎大风降温和雨雪 西北华北等最低温将跌破冰点\r\n进入霜降节气以来，冷空气逐渐趋于活跃。昨天，一股较强冷空气已经率先影响新疆等地，给这里带来风雪降温天气。监测显示，昨8时至今6时，新疆北部、青海东南部局地出现1～4毫米降雪或雨夹雪，新疆拜城降水量达12.2毫米。',
    author: '方中信',
    source: '中国青年报',
    timestamp: 1477565934905,
    s_img: '',
    b_img: '' },
  { _id: 5811df355f56893224569339,
    title: '全国大部气温将创新低 重庆湖北有暴雨',
    content: '中国天气网讯 昨天（26日）开始，一股较强冷空气从新疆启程，预计受其影响，27-28日，我国大部地区将自西向东经历大风降温天气过程，并可能迎来今年下半年的气温新低，西北、华北北部、东北不少地方最低气温将跌入冰点；另外，今明天，河南、江苏、安徽及重庆、湖北等地雨势较强，重庆、湖北交界一带有暴雨，需加强防范。北方迎大风降温和雨雪 西北华北等最低温将跌破冰点\r\n进入霜降节气以来，冷空气逐渐趋于活跃。昨天，一股较强冷空气已经率先影响新疆等地，给这里带来风雪降温天气。监测显示，昨8时至今6时，新疆北部、青海东南部局地出现1～4毫米降雪或雨夹雪，新疆拜城降水量达12.2毫米。',
    author: '方中信',
    source: '中国青年报',
    timestamp: 1477565934905,
    s_img: '',
    b_img: '' } ]
[0mGET / [36m304 [0m1841.491 ms - -[0m
[0mGET /assets/css/bootstrap.css [36m304 [0m3.468 ms - -[0m
[0mGET /assets/css/myapp.css [36m304 [0m3.368 ms - -[0m
[0mGET /assets/js/jquery.js [36m304 [0m3.185 ms - -[0m
[0mGET /assets/js/bootstrap.js [36m304 [0m5.199 ms - -[0m
[0mGET /article/index [32m200 [0m86.122 ms - 2981[0m
[0mGET /assets/css/bootstrap.css [36m304 [0m1.151 ms - -[0m
[0mGET /assets/css/myapp.css [36m304 [0m1.937 ms - -[0m
[0mGET /assets/js/jquery.js [36m304 [0m3.162 ms - -[0m
[0mGET /assets/js/bootstrap.js [36m304 [0m3.045 ms - -[0m
[0mGET /assets/js/myapp.js [32m200 [0m5.689 ms - 725[0m
[0mGET /member/index [32m200 [0m32.168 ms - 1041[0m
[0mGET /assets/css/bootstrap.css [36m304 [0m4.297 ms - -[0m
[0mGET /assets/css/myapp.css [36m304 [0m3.291 ms - -[0m
[0mGET /assets/js/jquery.js [36m304 [0m2.432 ms - -[0m
[0mGET /assets/js/bootstrap.js [36m304 [0m0.725 ms - -[0m
[0mGET /comment/index [32m200 [0m21.546 ms - 1042[0m
[0mGET /assets/css/bootstrap.css [36m304 [0m1.592 ms - -[0m
[0mGET /assets/css/myapp.css [36m304 [0m4.853 ms - -[0m
[0mGET /assets/js/jquery.js [36m304 [0m3.012 ms - -[0m
[0mGET /assets/js/bootstrap.js [36m304 [0m2.812 ms - -[0m
[0mGET /member/index [36m304 [0m104.169 ms - -[0m
[0mGET /assets/css/bootstrap.css [36m304 [0m2.053 ms - -[0m
[0mGET /assets/css/myapp.css [36m304 [0m1.142 ms - -[0m
[0mGET /assets/js/jquery.js [36m304 [0m1.229 ms - -[0m
[0mGET /assets/js/bootstrap.js [36m304 [0m1.630 ms - -[0m
[0mGET /article/index [36m304 [0m87.418 ms - -[0m
[0mGET /assets/css/bootstrap.css [36m304 [0m1.498 ms - -[0m
[0mGET /assets/css/myapp.css [36m304 [0m4.211 ms - -[0m
[0mGET /assets/js/jquery.js [36m304 [0m3.210 ms - -[0m
[0mGET /assets/js/bootstrap.js [36m304 [0m1.088 ms - -[0m
[0mGET /assets/js/myapp.js [36m304 [0m0.483 ms - -[0m
----- [ { _id: 5811de4c5f568909c0bd0645,
    title: '全国大部气温将创新低 重庆湖北有暴雨',
    content: '中国天气网讯 昨天（26日）开始，一股较强冷空气从新疆启程，预计受其影响，27-28日，我国大部地区将自西向东经历大风降温天气过程，并可能迎来今年下半年的气温新低，西北、华北北部、东北不少地方最低气温将跌入冰点；另外，今明天，河南、江苏、安徽及重庆、湖北等地雨势较强，重庆、湖北交界一带有暴雨，需加强防范。北方迎大风降温和雨雪 西北华北等最低温将跌破冰点\r\n进入霜降节气以来，冷空气逐渐趋于活跃。昨天，一股较强冷空气已经率先影响新疆等地，给这里带来风雪降温天气。监测显示，昨8时至今6时，新疆北部、青海东南部局地出现1～4毫米降雪或雨夹雪，新疆拜城降水量达12.2毫米。',
    author: '方中信',
    source: '中国青年报',
    timestamp: 1477565934905,
    s_img: '',
    b_img: '' },
  { _id: 5811df135f56893224569337,
    title: '全国大部气温将创新低 重庆湖北有暴雨',
    content: '中国天气网讯 昨天（26日）开始，一股较强冷空气从新疆启程，预计受其影响，27-28日，我国大部地区将自西向东经历大风降温天气过程，并可能迎来今年下半年的气温新低，西北、华北北部、东北不少地方最低气温将跌入冰点；另外，今明天，河南、江苏、安徽及重庆、湖北等地雨势较强，重庆、湖北交界一带有暴雨，需加强防范。北方迎大风降温和雨雪 西北华北等最低温将跌破冰点\r\n进入霜降节气以来，冷空气逐渐趋于活跃。昨天，一股较强冷空气已经率先影响新疆等地，给这里带来风雪降温天气。监测显示，昨8时至今6时，新疆北部、青海东南部局地出现1～4毫米降雪或雨夹雪，新疆拜城降水量达12.2毫米。',
    author: '方中信',
    source: '中国青年报',
    timestamp: 1477565934905,
    s_img: '',
    b_img: '' },
  { _id: 5811df2c5f56893224569338,
    title: '全国大部气温将创新低 重庆湖北有暴雨',
    content: '中国天气网讯 昨天（26日）开始，一股较强冷空气从新疆启程，预计受其影响，27-28日，我国大部地区将自西向东经历大风降温天气过程，并可能迎来今年下半年的气温新低，西北、华北北部、东北不少地方最低气温将跌入冰点；另外，今明天，河南、江苏、安徽及重庆、湖北等地雨势较强，重庆、湖北交界一带有暴雨，需加强防范。北方迎大风降温和雨雪 西北华北等最低温将跌破冰点\r\n进入霜降节气以来，冷空气逐渐趋于活跃。昨天，一股较强冷空气已经率先影响新疆等地，给这里带来风雪降温天气。监测显示，昨8时至今6时，新疆北部、青海东南部局地出现1～4毫米降雪或雨夹雪，新疆拜城降水量达12.2毫米。',
    author: '方中信',
    source: '中国青年报',
    timestamp: 1477565934905,
    s_img: '',
    b_img: '' },
  { _id: 5811df355f56893224569339,
    title: '全国大部气温将创新低 重庆湖北有暴雨',
    content: '中国天气网讯 昨天（26日）开始，一股较强冷空气从新疆启程，预计受其影响，27-28日，我国大部地区将自西向东经历大风降温天气过程，并可能迎来今年下半年的气温新低，西北、华北北部、东北不少地方最低气温将跌入冰点；另外，今明天，河南、江苏、安徽及重庆、湖北等地雨势较强，重庆、湖北交界一带有暴雨，需加强防范。北方迎大风降温和雨雪 西北华北等最低温将跌破冰点\r\n进入霜降节气以来，冷空气逐渐趋于活跃。昨天，一股较强冷空气已经率先影响新疆等地，给这里带来风雪降温天气。监测显示，昨8时至今6时，新疆北部、青海东南部局地出现1～4毫米降雪或雨夹雪，新疆拜城降水量达12.2毫米。',
    author: '方中信',
    source: '中国青年报',
    timestamp: 1477565934905,
    s_img: '',
    b_img: '' } ]
[0mGET / [36m304 [0m2656.420 ms - -[0m
[0mGET /assets/css/bootstrap.css [36m304 [0m3.580 ms - -[0m
[0mGET /assets/css/myapp.css [36m304 [0m2.459 ms - -[0m
[0mGET /assets/js/jquery.js [36m304 [0m1.017 ms - -[0m
[0mGET /assets/js/bootstrap.js [36m304 [0m3.364 ms - -[0m
==列表===
[0mGET /article/list [32m200 [0m103.958 ms - 1793[0m
[0mGET /assets/css/bootstrap.css [36m304 [0m3.420 ms - -[0m
[0mGET /assets/css/myapp.css [36m304 [0m4.993 ms - -[0m
[0mGET /assets/js/jquery.js [36m304 [0m5.381 ms - -[0m
[0mGET /assets/js/bootstrap.js [36m304 [0m6.532 ms - -[0m
++++++++++++++ { id: '5811df135f56893224569337' }
----- 详情 { _id: 5811df135f56893224569337,
  title: '全国大部气温将创新低 重庆湖北有暴雨',
  content: '中国天气网讯 昨天（26日）开始，一股较强冷空气从新疆启程，预计受其影响，27-28日，我国大部地区将自西向东经历大风降温天气过程，并可能迎来今年下半年的气温新低，西北、华北北部、东北不少地方最低气温将跌入冰点；另外，今明天，河南、江苏、安徽及重庆、湖北等地雨势较强，重庆、湖北交界一带有暴雨，需加强防范。北方迎大风降温和雨雪 西北华北等最低温将跌破冰点\r\n进入霜降节气以来，冷空气逐渐趋于活跃。昨天，一股较强冷空气已经率先影响新疆等地，给这里带来风雪降温天气。监测显示，昨8时至今6时，新疆北部、青海东南部局地出现1～4毫米降雪或雨夹雪，新疆拜城降水量达12.2毫米。',
  author: '方中信',
  source: '中国青年报',
  timestamp: 1477565934905,
  s_img: '',
  b_img: '' }
[0mGET /article/detail?id=5811df135f56893224569337 [32m200 [0m94.735 ms - 1973[0m
[0mGET /assets/css/bootstrap.css [36m304 [0m2.276 ms - -[0m
[0mGET /assets/css/myapp.css [36m304 [0m4.170 ms - -[0m
[0mGET /assets/js/jquery.js [36m304 [0m3.429 ms - -[0m
[0mGET /assets/js/bootstrap.js [36m304 [0m3.904 ms - -[0m
==列表===
[0mGET /article/list [36m304 [0m183.262 ms - -[0m
[0mGET /assets/css/bootstrap.css [36m304 [0m2.787 ms - -[0m
[0mGET /assets/css/myapp.css [36m304 [0m2.609 ms - -[0m
[0mGET /assets/js/jquery.js [36m304 [0m2.393 ms - -[0m
[0mGET /assets/js/bootstrap.js [36m304 [0m2.234 ms - -[0m
++++++++++++++ { id: '5811df355f56893224569339' }
----- 详情 { _id: 5811df355f56893224569339,
  title: '全国大部气温将创新低 重庆湖北有暴雨',
  content: '中国天气网讯 昨天（26日）开始，一股较强冷空气从新疆启程，预计受其影响，27-28日，我国大部地区将自西向东经历大风降温天气过程，并可能迎来今年下半年的气温新低，西北、华北北部、东北不少地方最低气温将跌入冰点；另外，今明天，河南、江苏、安徽及重庆、湖北等地雨势较强，重庆、湖北交界一带有暴雨，需加强防范。北方迎大风降温和雨雪 西北华北等最低温将跌破冰点\r\n进入霜降节气以来，冷空气逐渐趋于活跃。昨天，一股较强冷空气已经率先影响新疆等地，给这里带来风雪降温天气。监测显示，昨8时至今6时，新疆北部、青海东南部局地出现1～4毫米降雪或雨夹雪，新疆拜城降水量达12.2毫米。',
  author: '方中信',
  source: '中国青年报',
  timestamp: 1477565934905,
  s_img: '',
  b_img: '' }
[0mGET /article/detail?id=5811df355f56893224569339 [32m200 [0m103.625 ms - 1973[0m
[0mGET /assets/css/bootstrap.css [36m304 [0m1.776 ms - -[0m
[0mGET /assets/css/myapp.css [36m304 [0m1.533 ms - -[0m
[0mGET /assets/js/jquery.js [36m304 [0m0.839 ms - -[0m
[0mGET /assets/js/bootstrap.js [36m304 [0m0.581 ms - -[0m
==列表===
[0mGET /article/list [36m304 [0m76.414 ms - -[0m
[0mGET /assets/css/bootstrap.css [36m304 [0m1.425 ms - -[0m
[0mGET /assets/css/myapp.css [36m304 [0m1.587 ms - -[0m
[0mGET /assets/js/jquery.js [36m304 [0m4.267 ms - -[0m
[0mGET /assets/js/bootstrap.js [36m304 [0m5.501 ms - -[0m
----- [ { _id: 5811de4c5f568909c0bd0645,
    title: '全国大部气温将创新低 重庆湖北有暴雨',
    content: '中国天气网讯 昨天（26日）开始，一股较强冷空气从新疆启程，预计受其影响，27-28日，我国大部地区将自西向东经历大风降温天气过程，并可能迎来今年下半年的气温新低，西北、华北北部、东北不少地方最低气温将跌入冰点；另外，今明天，河南、江苏、安徽及重庆、湖北等地雨势较强，重庆、湖北交界一带有暴雨，需加强防范。北方迎大风降温和雨雪 西北华北等最低温将跌破冰点\r\n进入霜降节气以来，冷空气逐渐趋于活跃。昨天，一股较强冷空气已经率先影响新疆等地，给这里带来风雪降温天气。监测显示，昨8时至今6时，新疆北部、青海东南部局地出现1～4毫米降雪或雨夹雪，新疆拜城降水量达12.2毫米。',
    author: '方中信',
    source: '中国青年报',
    timestamp: 1477565934905,
    s_img: '',
    b_img: '' },
  { _id: 5811df135f56893224569337,
    title: '全国大部气温将创新低 重庆湖北有暴雨',
    content: '中国天气网讯 昨天（26日）开始，一股较强冷空气从新疆启程，预计受其影响，27-28日，我国大部地区将自西向东经历大风降温天气过程，并可能迎来今年下半年的气温新低，西北、华北北部、东北不少地方最低气温将跌入冰点；另外，今明天，河南、江苏、安徽及重庆、湖北等地雨势较强，重庆、湖北交界一带有暴雨，需加强防范。北方迎大风降温和雨雪 西北华北等最低温将跌破冰点\r\n进入霜降节气以来，冷空气逐渐趋于活跃。昨天，一股较强冷空气已经率先影响新疆等地，给这里带来风雪降温天气。监测显示，昨8时至今6时，新疆北部、青海东南部局地出现1～4毫米降雪或雨夹雪，新疆拜城降水量达12.2毫米。',
    author: '方中信',
    source: '中国青年报',
    timestamp: 1477565934905,
    s_img: '',
    b_img: '' },
  { _id: 5811df2c5f56893224569338,
    title: '全国大部气温将创新低 重庆湖北有暴雨',
    content: '中国天气网讯 昨天（26日）开始，一股较强冷空气从新疆启程，预计受其影响，27-28日，我国大部地区将自西向东经历大风降温天气过程，并可能迎来今年下半年的气温新低，西北、华北北部、东北不少地方最低气温将跌入冰点；另外，今明天，河南、江苏、安徽及重庆、湖北等地雨势较强，重庆、湖北交界一带有暴雨，需加强防范。北方迎大风降温和雨雪 西北华北等最低温将跌破冰点\r\n进入霜降节气以来，冷空气逐渐趋于活跃。昨天，一股较强冷空气已经率先影响新疆等地，给这里带来风雪降温天气。监测显示，昨8时至今6时，新疆北部、青海东南部局地出现1～4毫米降雪或雨夹雪，新疆拜城降水量达12.2毫米。',
    author: '方中信',
    source: '中国青年报',
    timestamp: 1477565934905,
    s_img: '',
    b_img: '' },
  { _id: 5811df355f56893224569339,
    title: '全国大部气温将创新低 重庆湖北有暴雨',
    content: '中国天气网讯 昨天（26日）开始，一股较强冷空气从新疆启程，预计受其影响，27-28日，我国大部地区将自西向东经历大风降温天气过程，并可能迎来今年下半年的气温新低，西北、华北北部、东北不少地方最低气温将跌入冰点；另外，今明天，河南、江苏、安徽及重庆、湖北等地雨势较强，重庆、湖北交界一带有暴雨，需加强防范。北方迎大风降温和雨雪 西北华北等最低温将跌破冰点\r\n进入霜降节气以来，冷空气逐渐趋于活跃。昨天，一股较强冷空气已经率先影响新疆等地，给这里带来风雪降温天气。监测显示，昨8时至今6时，新疆北部、青海东南部局地出现1～4毫米降雪或雨夹雪，新疆拜城降水量达12.2毫米。',
    author: '方中信',
    source: '中国青年报',
    timestamp: 1477565934905,
    s_img: '',
    b_img: '' } ]
[0mGET / [36m304 [0m983.932 ms - -[0m
[0mGET /assets/css/bootstrap.css [36m304 [0m5.087 ms - -[0m
[0mGET /assets/css/myapp.css [36m304 [0m4.676 ms - -[0m
[0mGET /assets/js/jquery.js [36m304 [0m4.815 ms - -[0m
[0mGET /assets/js/bootstrap.js [36m304 [0m10.946 ms - -[0m
[0mGET /article/index [36m304 [0m114.657 ms - -[0m
[0mGET /assets/css/bootstrap.css [36m304 [0m3.231 ms - -[0m
[0mGET /assets/css/myapp.css [36m304 [0m0.989 ms - -[0m
[0mGET /assets/js/jquery.js [36m304 [0m5.276 ms - -[0m
[0mGET /assets/js/bootstrap.js [36m304 [0m5.349 ms - -[0m
[0mGET /assets/js/myapp.js [36m304 [0m5.318 ms - -[0m
[0mGET /member/index [36m304 [0m103.541 ms - -[0m
[0mGET /assets/css/bootstrap.css [36m304 [0m4.193 ms - -[0m
[0mGET /assets/css/myapp.css [36m304 [0m3.803 ms - -[0m
[0mGET /assets/js/jquery.js [36m304 [0m4.082 ms - -[0m
[0mGET /assets/js/bootstrap.js [36m304 [0m3.197 ms - -[0m
[0mGET /comment/index [36m304 [0m44.598 ms - -[0m
[0mGET /assets/css/bootstrap.css [36m304 [0m1.917 ms - -[0m
[0mGET /assets/css/myapp.css [36m304 [0m2.121 ms - -[0m
[0mGET /assets/js/jquery.js [36m304 [0m5.742 ms - -[0m
[0mGET /assets/js/bootstrap.js [36m304 [0m2.312 ms - -[0m
----- [ { _id: 5811de4c5f568909c0bd0645,
    title: '全国大部气温将创新低 重庆湖北有暴雨',
    content: '中国天气网讯 昨天（26日）开始，一股较强冷空气从新疆启程，预计受其影响，27-28日，我国大部地区将自西向东经历大风降温天气过程，并可能迎来今年下半年的气温新低，西北、华北北部、东北不少地方最低气温将跌入冰点；另外，今明天，河南、江苏、安徽及重庆、湖北等地雨势较强，重庆、湖北交界一带有暴雨，需加强防范。北方迎大风降温和雨雪 西北华北等最低温将跌破冰点\r\n进入霜降节气以来，冷空气逐渐趋于活跃。昨天，一股较强冷空气已经率先影响新疆等地，给这里带来风雪降温天气。监测显示，昨8时至今6时，新疆北部、青海东南部局地出现1～4毫米降雪或雨夹雪，新疆拜城降水量达12.2毫米。',
    author: '方中信',
    source: '中国青年报',
    timestamp: 1477565934905,
    s_img: '',
    b_img: '' },
  { _id: 5811df135f56893224569337,
    title: '全国大部气温将创新低 重庆湖北有暴雨',
    content: '中国天气网讯 昨天（26日）开始，一股较强冷空气从新疆启程，预计受其影响，27-28日，我国大部地区将自西向东经历大风降温天气过程，并可能迎来今年下半年的气温新低，西北、华北北部、东北不少地方最低气温将跌入冰点；另外，今明天，河南、江苏、安徽及重庆、湖北等地雨势较强，重庆、湖北交界一带有暴雨，需加强防范。北方迎大风降温和雨雪 西北华北等最低温将跌破冰点\r\n进入霜降节气以来，冷空气逐渐趋于活跃。昨天，一股较强冷空气已经率先影响新疆等地，给这里带来风雪降温天气。监测显示，昨8时至今6时，新疆北部、青海东南部局地出现1～4毫米降雪或雨夹雪，新疆拜城降水量达12.2毫米。',
    author: '方中信',
    source: '中国青年报',
    timestamp: 1477565934905,
    s_img: '',
    b_img: '' },
  { _id: 5811df2c5f56893224569338,
    title: '全国大部气温将创新低 重庆湖北有暴雨',
    content: '中国天气网讯 昨天（26日）开始，一股较强冷空气从新疆启程，预计受其影响，27-28日，我国大部地区将自西向东经历大风降温天气过程，并可能迎来今年下半年的气温新低，西北、华北北部、东北不少地方最低气温将跌入冰点；另外，今明天，河南、江苏、安徽及重庆、湖北等地雨势较强，重庆、湖北交界一带有暴雨，需加强防范。北方迎大风降温和雨雪 西北华北等最低温将跌破冰点\r\n进入霜降节气以来，冷空气逐渐趋于活跃。昨天，一股较强冷空气已经率先影响新疆等地，给这里带来风雪降温天气。监测显示，昨8时至今6时，新疆北部、青海东南部局地出现1～4毫米降雪或雨夹雪，新疆拜城降水量达12.2毫米。',
    author: '方中信',
    source: '中国青年报',
    timestamp: 1477565934905,
    s_img: '',
    b_img: '' },
  { _id: 5811df355f56893224569339,
    title: '全国大部气温将创新低 重庆湖北有暴雨',
    content: '中国天气网讯 昨天（26日）开始，一股较强冷空气从新疆启程，预计受其影响，27-28日，我国大部地区将自西向东经历大风降温天气过程，并可能迎来今年下半年的气温新低，西北、华北北部、东北不少地方最低气温将跌入冰点；另外，今明天，河南、江苏、安徽及重庆、湖北等地雨势较强，重庆、湖北交界一带有暴雨，需加强防范。北方迎大风降温和雨雪 西北华北等最低温将跌破冰点\r\n进入霜降节气以来，冷空气逐渐趋于活跃。昨天，一股较强冷空气已经率先影响新疆等地，给这里带来风雪降温天气。监测显示，昨8时至今6时，新疆北部、青海东南部局地出现1～4毫米降雪或雨夹雪，新疆拜城降水量达12.2毫米。',
    author: '方中信',
    source: '中国青年报',
    timestamp: 1477565934905,
    s_img: '',
    b_img: '' } ]
[0mGET / [36m304 [0m888.854 ms - -[0m
[0mGET /assets/css/bootstrap.css [36m304 [0m8.964 ms - -[0m
[0mGET /assets/css/myapp.css [36m304 [0m8.371 ms - -[0m
[0mGET /assets/js/jquery.js [36m304 [0m6.921 ms - -[0m
[0mGET /assets/js/bootstrap.js [36m304 [0m14.447 ms - -[0m
==列表===
[0mGET /article/list [36m304 [0m190.461 ms - -[0m
[0mGET /assets/css/bootstrap.css [36m304 [0m3.639 ms - -[0m
[0mGET /assets/css/myapp.css [36m304 [0m3.719 ms - -[0m
[0mGET /assets/js/jquery.js [36m304 [0m4.549 ms - -[0m
[0mGET /assets/js/bootstrap.js [36m304 [0m2.030 ms - -[0m
[0mGET /article/index [36m304 [0m109.454 ms - -[0m
[0mGET /assets/css/bootstrap.css [36m304 [0m1.176 ms - -[0m
[0mGET /assets/css/myapp.css [36m304 [0m1.807 ms - -[0m
[0mGET /assets/js/jquery.js [36m304 [0m1.971 ms - -[0m
[0mGET /assets/js/bootstrap.js [36m304 [0m1.858 ms - -[0m
[0mGET /assets/js/myapp.js [36m304 [0m0.675 ms - -[0m
================ { params: '{"title":"中央明确了！元旦、春节这些福利可以有！","author":"","type":3,"content":"中央明确了！元旦、春节这些福利可以有！\\n一、扎实做好关心群众特别是困难群众帮扶救助工作，真正做到解民忧、暖民心。\\n二、切实保障节日市场平稳运行，更好满足人民群众精神文化生活需求。\\n三、统筹安排好春运工作，保证群众节日安全顺畅出行。\\n四、严格落实安全生产责任，严防重特大安全事故。\\n五、妥善处理社会矛盾和问题，切实维护社会大局稳定。\\n六、坚持勤俭文明过节，倡导良好社会风尚。\\n七、严格遵守廉洁纪律，严防各类“节日腐败”。\\n八、认真做好值守应急工作，确保各项工作正常运转。\\n其中，《通知》第六条指出，“要组织好正常的党、团、工会活动，充分保障干部职工按规定享有的正常福利待遇。做好党内关爱帮扶工作，走访慰问生活困难党员、老党员、老干部和军队离退休干部等，关心工作在生产一线、脱贫攻坚一线的干部职工，帮助他们解决实际困难。”\\n《通知》第七条指出，“认真履行全面从严治党主体责任，严格执行各项纪律规定，深入贯彻落实中央八项规定精神，对违规违纪行为特别是隐形变异“四风”问题严肃查处，及时通报曝光，持续形成震慑，坚决防止反弹。”","img":""}' }
{ title: '中央明确了！元旦、春节这些福利可以有！',
  author: '',
  type: 3,
  content: '中央明确了！元旦、春节这些福利可以有！\n一、扎实做好关心群众特别是困难群众帮扶救助工作，真正做到解民忧、暖民心。\n二、切实保障节日市场平稳运行，更好满足人民群众精神文化生活需求。\n三、统筹安排好春运工作，保证群众节日安全顺畅出行。\n四、严格落实安全生产责任，严防重特大安全事故。\n五、妥善处理社会矛盾和问题，切实维护社会大局稳定。\n六、坚持勤俭文明过节，倡导良好社会风尚。\n七、严格遵守廉洁纪律，严防各类“节日腐败”。\n八、认真做好值守应急工作，确保各项工作正常运转。\n其中，《通知》第六条指出，“要组织好正常的党、团、工会活动，充分保障干部职工按规定享有的正常福利待遇。做好党内关爱帮扶工作，走访慰问生活困难党员、老党员、老干部和军队离退休干部等，关心工作在生产一线、脱贫攻坚一线的干部职工，帮助他们解决实际困难。”\n《通知》第七条指出，“认真履行全面从严治党主体责任，严格执行各项纪律规定，深入贯彻落实中央八项规定精神，对违规违纪行为特别是隐形变异“四风”问题严肃查处，及时通报曝光，持续形成震慑，坚决防止反弹。”',
  img: '' }
----- { result: { ok: 1, n: 1 },
  ops: 
   [ { title: '中央明确了！元旦、春节这些福利可以有！',
       author: '',
       type: 3,
       content: '中央明确了！元旦、春节这些福利可以有！\n一、扎实做好关心群众特别是困难群众帮扶救助工作，真正做到解民忧、暖民心。\n二、切实保障节日市场平稳运行，更好满足人民群众精神文化生活需求。\n三、统筹安排好春运工作，保证群众节日安全顺畅出行。\n四、严格落实安全生产责任，严防重特大安全事故。\n五、妥善处理社会矛盾和问题，切实维护社会大局稳定。\n六、坚持勤俭文明过节，倡导良好社会风尚。\n七、严格遵守廉洁纪律，严防各类“节日腐败”。\n八、认真做好值守应急工作，确保各项工作正常运转。\n其中，《通知》第六条指出，“要组织好正常的党、团、工会活动，充分保障干部职工按规定享有的正常福利待遇。做好党内关爱帮扶工作，走访慰问生活困难党员、老党员、老干部和军队离退休干部等，关心工作在生产一线、脱贫攻坚一线的干部职工，帮助他们解决实际困难。”\n《通知》第七条指出，“认真履行全面从严治党主体责任，严格执行各项纪律规定，深入贯彻落实中央八项规定精神，对违规违纪行为特别是隐形变异“四风”问题严肃查处，及时通报曝光，持续形成震慑，坚决防止反弹。”',
       img: '',
       _id: 5860867c5603bf257cedc7c6 } ],
  insertedCount: 1,
  insertedIds: [ 5860867c5603bf257cedc7c6 ] }
[0mPOST /article/add [32m200 [0m185.761 ms - 11[0m
==列表===
[0mGET /article/list [32m200 [0m396.610 ms - 1992[0m
[0mGET /assets/css/bootstrap.css [36m304 [0m2.982 ms - -[0m
[0mGET /assets/css/myapp.css [36m304 [0m0.832 ms - -[0m
[0mGET /assets/js/jquery.js [36m304 [0m0.938 ms - -[0m
[0mGET /assets/js/bootstrap.js [36m304 [0m1.487 ms - -[0m
++++++++++++++ { id: '5860867c5603bf257cedc7c6' }
----- 详情 { title: '中央明确了！元旦、春节这些福利可以有！',
  author: '',
  type: 3,
  content: '中央明确了！元旦、春节这些福利可以有！\n一、扎实做好关心群众特别是困难群众帮扶救助工作，真正做到解民忧、暖民心。\n二、切实保障节日市场平稳运行，更好满足人民群众精神文化生活需求。\n三、统筹安排好春运工作，保证群众节日安全顺畅出行。\n四、严格落实安全生产责任，严防重特大安全事故。\n五、妥善处理社会矛盾和问题，切实维护社会大局稳定。\n六、坚持勤俭文明过节，倡导良好社会风尚。\n七、严格遵守廉洁纪律，严防各类“节日腐败”。\n八、认真做好值守应急工作，确保各项工作正常运转。\n其中，《通知》第六条指出，“要组织好正常的党、团、工会活动，充分保障干部职工按规定享有的正常福利待遇。做好党内关爱帮扶工作，走访慰问生活困难党员、老党员、老干部和军队离退休干部等，关心工作在生产一线、脱贫攻坚一线的干部职工，帮助他们解决实际困难。”\n《通知》第七条指出，“认真履行全面从严治党主体责任，严格执行各项纪律规定，深入贯彻落实中央八项规定精神，对违规违纪行为特别是隐形变异“四风”问题严肃查处，及时通报曝光，持续形成震慑，坚决防止反弹。”',
  img: '',
  _id: 5860867c5603bf257cedc7c6 }
[0mGET /article/detail?id=5860867c5603bf257cedc7c6 [32m200 [0m296.132 ms - 2518[0m
[0mGET /assets/css/bootstrap.css [36m304 [0m3.080 ms - -[0m
[0mGET /assets/css/myapp.css [36m304 [0m2.864 ms - -[0m
[0mGET /assets/js/jquery.js [36m304 [0m1.756 ms - -[0m
[0mGET /assets/js/bootstrap.js [36m304 [0m0.562 ms - -[0m
----- [ { _id: 5811de4c5f568909c0bd0645,
    title: '全国大部气温将创新低 重庆湖北有暴雨',
    content: '中国天气网讯 昨天（26日）开始，一股较强冷空气从新疆启程，预计受其影响，27-28日，我国大部地区将自西向东经历大风降温天气过程，并可能迎来今年下半年的气温新低，西北、华北北部、东北不少地方最低气温将跌入冰点；另外，今明天，河南、江苏、安徽及重庆、湖北等地雨势较强，重庆、湖北交界一带有暴雨，需加强防范。北方迎大风降温和雨雪 西北华北等最低温将跌破冰点\r\n进入霜降节气以来，冷空气逐渐趋于活跃。昨天，一股较强冷空气已经率先影响新疆等地，给这里带来风雪降温天气。监测显示，昨8时至今6时，新疆北部、青海东南部局地出现1～4毫米降雪或雨夹雪，新疆拜城降水量达12.2毫米。',
    author: '方中信',
    source: '中国青年报',
    timestamp: 1477565934905,
    s_img: '',
    b_img: '' },
  { _id: 5811df135f56893224569337,
    title: '全国大部气温将创新低 重庆湖北有暴雨',
    content: '中国天气网讯 昨天（26日）开始，一股较强冷空气从新疆启程，预计受其影响，27-28日，我国大部地区将自西向东经历大风降温天气过程，并可能迎来今年下半年的气温新低，西北、华北北部、东北不少地方最低气温将跌入冰点；另外，今明天，河南、江苏、安徽及重庆、湖北等地雨势较强，重庆、湖北交界一带有暴雨，需加强防范。北方迎大风降温和雨雪 西北华北等最低温将跌破冰点\r\n进入霜降节气以来，冷空气逐渐趋于活跃。昨天，一股较强冷空气已经率先影响新疆等地，给这里带来风雪降温天气。监测显示，昨8时至今6时，新疆北部、青海东南部局地出现1～4毫米降雪或雨夹雪，新疆拜城降水量达12.2毫米。',
    author: '方中信',
    source: '中国青年报',
    timestamp: 1477565934905,
    s_img: '',
    b_img: '' },
  { _id: 5811df2c5f56893224569338,
    title: '全国大部气温将创新低 重庆湖北有暴雨',
    content: '中国天气网讯 昨天（26日）开始，一股较强冷空气从新疆启程，预计受其影响，27-28日，我国大部地区将自西向东经历大风降温天气过程，并可能迎来今年下半年的气温新低，西北、华北北部、东北不少地方最低气温将跌入冰点；另外，今明天，河南、江苏、安徽及重庆、湖北等地雨势较强，重庆、湖北交界一带有暴雨，需加强防范。北方迎大风降温和雨雪 西北华北等最低温将跌破冰点\r\n进入霜降节气以来，冷空气逐渐趋于活跃。昨天，一股较强冷空气已经率先影响新疆等地，给这里带来风雪降温天气。监测显示，昨8时至今6时，新疆北部、青海东南部局地出现1～4毫米降雪或雨夹雪，新疆拜城降水量达12.2毫米。',
    author: '方中信',
    source: '中国青年报',
    timestamp: 1477565934905,
    s_img: '',
    b_img: '' },
  { _id: 5811df355f56893224569339,
    title: '全国大部气温将创新低 重庆湖北有暴雨',
    content: '中国天气网讯 昨天（26日）开始，一股较强冷空气从新疆启程，预计受其影响，27-28日，我国大部地区将自西向东经历大风降温天气过程，并可能迎来今年下半年的气温新低，西北、华北北部、东北不少地方最低气温将跌入冰点；另外，今明天，河南、江苏、安徽及重庆、湖北等地雨势较强，重庆、湖北交界一带有暴雨，需加强防范。北方迎大风降温和雨雪 西北华北等最低温将跌破冰点\r\n进入霜降节气以来，冷空气逐渐趋于活跃。昨天，一股较强冷空气已经率先影响新疆等地，给这里带来风雪降温天气。监测显示，昨8时至今6时，新疆北部、青海东南部局地出现1～4毫米降雪或雨夹雪，新疆拜城降水量达12.2毫米。',
    author: '方中信',
    source: '中国青年报',
    timestamp: 1477565934905,
    s_img: '',
    b_img: '' },
  { title: '中央明确了！元旦、春节这些福利可以有！',
    author: '',
    type: 3,
    content: '中央明确了！元旦、春节这些福利可以有！\n一、扎实做好关心群众特别是困难群众帮扶救助工作，真正做到解民忧、暖民心。\n二、切实保障节日市场平稳运行，更好满足人民群众精神文化生活需求。\n三、统筹安排好春运工作，保证群众节日安全顺畅出行。\n四、严格落实安全生产责任，严防重特大安全事故。\n五、妥善处理社会矛盾和问题，切实维护社会大局稳定。\n六、坚持勤俭文明过节，倡导良好社会风尚。\n七、严格遵守廉洁纪律，严防各类“节日腐败”。\n八、认真做好值守应急工作，确保各项工作正常运转。\n其中，《通知》第六条指出，“要组织好正常的党、团、工会活动，充分保障干部职工按规定享有的正常福利待遇。做好党内关爱帮扶工作，走访慰问生活困难党员、老党员、老干部和军队离退休干部等，关心工作在生产一线、脱贫攻坚一线的干部职工，帮助他们解决实际困难。”\n《通知》第七条指出，“认真履行全面从严治党主体责任，严格执行各项纪律规定，深入贯彻落实中央八项规定精神，对违规违纪行为特别是隐形变异“四风”问题严肃查处，及时通报曝光，持续形成震慑，坚决防止反弹。”',
    img: '',
    _id: 5860867c5603bf257cedc7c6 } ]
[0mGET / [36m304 [0m183.915 ms - -[0m
[0mGET /assets/css/bootstrap.css [36m304 [0m0.561 ms - -[0m
[0mGET /assets/css/myapp.css [36m304 [0m4.191 ms - -[0m
[0mGET /assets/js/jquery.js [36m304 [0m4.460 ms - -[0m
[0mGET /assets/js/bootstrap.js [36m304 [0m4.532 ms - -[0m
